2024-10-15 00:36:33,307 [ERROR] LogOutputStream:75 - [STDERR_REDIRECT] 
2024-10-15 00:47:51,214 [INFO] Activator:176 - 


2024-10-15 00:47:51,217 [INFO] Activator:177 - !SESSION log4j initialized
2024-10-15 00:47:57,556 [INFO] LogOutputStream:77 - [STDOUT_REDIRECT] 
2024-10-15 00:47:59,692 [INFO] ApplicationProperties:184 - Using Application install path: C:\Program Files (x86)\STM32CubeIDE_1.16.1\STM32CubeIDE\plugins\com.st.stm32cube.common.mx_6.12.1.202409122256
2024-10-15 00:47:59,713 [INFO] DbMcusXml:78 - Set database path to: C:\Program Files (x86)\STM32CubeIDE_1.16.1\STM32CubeIDE\plugins\com.st.stm32cube.common.mx_6.12.1.202409122256\\db\/mcu/
2024-10-15 00:47:59,714 [INFO] ApiDb:274 - Set plugin database path to: C:\Program Files (x86)\STM32CubeIDE_1.16.1\STM32CubeIDE\plugins\com.st.stm32cube.common.mx_6.12.1.202409122256\\db\/plugins/boardmanager/
2024-10-15 00:47:59,714 [WARN] ApiDb:259 - Overriding images path with different value:  => C:\Program Files (x86)\STM32CubeIDE_1.16.1\STM32CubeIDE\plugins\com.st.stm32cube.common.mx_6.12.1.202409122256\\db\/plugins/mcufinder/images/
2024-10-15 00:47:59,722 [INFO] ApiDb:250 - Set database path to: C:\Users\sytye\.stmcufinder\plugins\mcufinder//mcu/
2024-10-15 00:47:59,723 [INFO] DbMcusAds:125 - Set database path to: C:\Users\sytye\.stmcufinder\plugins\mcufinder//mcu/
2024-10-15 00:47:59,726 [INFO] CrossReferenceDbSqlite:203 - Set database path to: C:\Users\sytye\.stmcufinder\plugins\mcufinder//mcu/cs/
2024-10-15 00:47:59,849 [INFO] RulesReader:64 - Compatibility file has been processed (297 Rules)
2024-10-15 00:47:59,947 [INFO] DbMcusXml:78 - Set database path to: C:\Program Files (x86)\STM32CubeIDE_1.16.1\STM32CubeIDE\plugins\com.st.stm32cube.common.mx_6.12.1.202409122256\\db\/mcu/
2024-10-15 00:47:59,947 [INFO] ApiDb:274 - Set plugin database path to: C:\Program Files (x86)\STM32CubeIDE_1.16.1\STM32CubeIDE\plugins\com.st.stm32cube.common.mx_6.12.1.202409122256\\db\/plugins/boardmanager/
2024-10-15 00:47:59,947 [INFO] ApiDb:261 - Set plugin images path to: C:\Program Files (x86)\STM32CubeIDE_1.16.1\STM32CubeIDE\plugins\com.st.stm32cube.common.mx_6.12.1.202409122256\\db\/plugins/mcufinder/images/
2024-10-15 00:47:59,947 [WARN] DbFile:41 - Overriding database path with different value: C:\Users\sytye\.stmcufinder\plugins\mcufinder/ => C:\Users\sytye\.stmcufinder\plugins\mcufinder
2024-10-15 00:47:59,948 [INFO] ApiDb:250 - Set database path to: C:\Users\sytye\.stmcufinder\plugins\mcufinder//mcu/
2024-10-15 00:47:59,948 [WARN] DbFile:41 - Overriding database path with different value: C:\Users\sytye\.stmcufinder\plugins\mcufinder/ => C:\Users\sytye\.stmcufinder\plugins\mcufinder
2024-10-15 00:47:59,948 [INFO] DbMcusAds:125 - Set database path to: C:\Users\sytye\.stmcufinder\plugins\mcufinder//mcu/
2024-10-15 00:47:59,948 [WARN] DbFile:41 - Overriding database path with different value: C:\Users\sytye\.stmcufinder\plugins\mcufinder/ => C:\Users\sytye\.stmcufinder\plugins\mcufinder
2024-10-15 00:47:59,948 [WARN] DbFile:41 - Overriding database path with different value: C:\Users\sytye\.stmcufinder\plugins\mcufinder/ => C:\Users\sytye\.stmcufinder\plugins\mcufinder
2024-10-15 00:47:59,948 [INFO] CrossReferenceDbSqlite:203 - Set database path to: C:\Users\sytye\.stmcufinder\plugins\mcufinder//mcu/cs/
2024-10-15 00:48:00,056 [INFO] MainPanel:268 - HeapMemory: 268435456
2024-10-15 00:48:00,186 [INFO] DbMcusXml:78 - Set database path to: C:\Program Files (x86)\STM32CubeIDE_1.16.1\STM32CubeIDE\plugins\com.st.stm32cube.common.mx_6.12.1.202409122256\\db\/mcu/
2024-10-15 00:48:00,186 [INFO] ApiDb:274 - Set plugin database path to: C:\Program Files (x86)\STM32CubeIDE_1.16.1\STM32CubeIDE\plugins\com.st.stm32cube.common.mx_6.12.1.202409122256\\db\/plugins/boardmanager/
2024-10-15 00:48:00,187 [INFO] ApiDb:261 - Set plugin images path to: C:\Program Files (x86)\STM32CubeIDE_1.16.1\STM32CubeIDE\plugins\com.st.stm32cube.common.mx_6.12.1.202409122256\\db\/plugins/mcufinder/images/
2024-10-15 00:48:00,187 [WARN] DbFile:41 - Overriding database path with different value: C:\Users\sytye\.stmcufinder\plugins\mcufinder/ => C:\Users\sytye\.stmcufinder\plugins\mcufinder
2024-10-15 00:48:00,187 [INFO] ApiDb:250 - Set database path to: C:\Users\sytye\.stmcufinder\plugins\mcufinder//mcu/
2024-10-15 00:48:00,188 [WARN] DbFile:41 - Overriding database path with different value: C:\Users\sytye\.stmcufinder\plugins\mcufinder/ => C:\Users\sytye\.stmcufinder\plugins\mcufinder
2024-10-15 00:48:00,188 [INFO] DbMcusAds:125 - Set database path to: C:\Users\sytye\.stmcufinder\plugins\mcufinder//mcu/
2024-10-15 00:48:00,188 [WARN] DbFile:41 - Overriding database path with different value: C:\Users\sytye\.stmcufinder\plugins\mcufinder/ => C:\Users\sytye\.stmcufinder\plugins\mcufinder
2024-10-15 00:48:00,188 [WARN] DbFile:41 - Overriding database path with different value: C:\Users\sytye\.stmcufinder\plugins\mcufinder/ => C:\Users\sytye\.stmcufinder\plugins\mcufinder
2024-10-15 00:48:00,188 [INFO] CrossReferenceDbSqlite:203 - Set database path to: C:\Users\sytye\.stmcufinder\plugins\mcufinder//mcu/cs/
2024-10-15 00:48:00,215 [INFO] ApplicationProperties:184 - Using Application install path: C:\Program Files (x86)\STM32CubeIDE_1.16.1\STM32CubeIDE\plugins\com.st.stm32cube.common.mx_6.12.1.202409122256
2024-10-15 00:48:00,218 [INFO] PluginManage:196 - Search for loadable plugins [exclusion list=, ]
2024-10-15 00:48:00,221 [INFO] PluginManage:310 - Check plugin analytics
2024-10-15 00:48:00,399 [INFO] AnalyticsPlugin:253 - Accepted Software Licenses: STM32CubeMX.6.12.0
2024-10-15 00:48:00,399 [INFO] AnalyticsPlugin:255 - Accepted CMSIS Pack Licenses: 
2024-10-15 00:48:00,399 [INFO] AnalyticsPlugin:257 - Accepted Firmware Licenses: FW.F4.1.28.0,FW.F4.1.27.0
2024-10-15 00:48:00,402 [INFO] PluginManage:359 - Loaded plugin analytics (category:tool,tabindex:-1)
2024-10-15 00:48:00,402 [INFO] PluginManage:310 - Check plugin cadmodel
2024-10-15 00:48:00,407 [INFO] CADModel:105 - Init CAD model plugin
2024-10-15 00:48:00,407 [INFO] PluginManage:359 - Loaded plugin cadmodel (category:power,tabindex:5)
2024-10-15 00:48:00,408 [INFO] PluginManage:310 - Check plugin clock
2024-10-15 00:48:00,417 [INFO] PluginManage:359 - Loaded plugin clock (category:base,tabindex:2)
2024-10-15 00:48:00,417 [INFO] PluginManage:310 - Check plugin ddr
2024-10-15 00:48:00,419 [INFO] PluginManage:359 - Loaded plugin ddr (category:tool,tabindex:6)
2024-10-15 00:48:00,419 [INFO] PluginManage:310 - Check plugin filemanager
2024-10-15 00:48:00,570 [INFO] PluginManage:359 - Loaded plugin filemanager (category:base,tabindex:10)
2024-10-15 00:48:00,570 [INFO] PluginManage:310 - Check plugin ipmanager
2024-10-15 00:48:00,579 [INFO] PluginManage:359 - Loaded plugin ipmanager (category:base,tabindex:5)
2024-10-15 00:48:00,580 [INFO] PluginManage:310 - Check plugin lpbam
2024-10-15 00:48:00,588 [INFO] PluginManage:359 - Loaded plugin lpbam (category:base,tabindex:0)
2024-10-15 00:48:00,588 [INFO] PluginManage:310 - Check plugin memorymap
2024-10-15 00:48:00,602 [INFO] PluginManage:359 - Loaded plugin memorymap (category:base,tabindex:4)
2024-10-15 00:48:00,602 [INFO] PluginManage:310 - Check plugin pinoutandconfiguration
2024-10-15 00:48:00,613 [INFO] PluginManage:359 - Loaded plugin pinoutandconfiguration (category:base,tabindex:1)
2024-10-15 00:48:00,613 [INFO] PluginManage:310 - Check plugin pinoutconfig
2024-10-15 00:48:00,734 [WARN] SupportedApi:132 - Cannot load RTOS API schema: s4s-elt-must-match.1: The content of 'definitions' must match (annotation?, (simpleType | complexType)?, (unique | key | keyref)*)). A problem was found starting at: attribute.
2024-10-15 00:48:00,915 [INFO] PluginManage:359 - Loaded plugin pinoutconfig (category:base,tabindex:0)
2024-10-15 00:48:00,915 [INFO] PluginManage:310 - Check plugin power
2024-10-15 00:48:00,929 [INFO] PluginManage:359 - Loaded plugin power (category:power,tabindex:4)
2024-10-15 00:48:00,929 [INFO] PluginManage:310 - Check plugin projectmanager
2024-10-15 00:48:00,957 [INFO] PluginManage:359 - Loaded plugin projectmanager (category:projectmanager,tabindex:4)
2024-10-15 00:48:00,958 [INFO] PluginManage:310 - Check plugin rif
2024-10-15 00:48:00,965 [INFO] PluginManage:359 - Loaded plugin rif (category:base,tabindex:3)
2024-10-15 00:48:00,966 [INFO] PluginManage:310 - Check plugin thirdparty
2024-10-15 00:48:01,109 [INFO] PluginManage:359 - Loaded plugin thirdparty (category:base,tabindex:-1)
2024-10-15 00:48:01,110 [INFO] PluginManage:310 - Check plugin tools
2024-10-15 00:48:01,109 [WARN] IntegrityCheckThread:84 - waiting for thirdparty lock release [integrity check]
2024-10-15 00:48:01,110 [INFO] IntegrityCheckThread:86 - entering critical section [integrity check]
2024-10-15 00:48:01,110 [INFO] ThirdPartyUpdaterWithRetryManager:70 - Updater plugin not ready yet. [1/15]
2024-10-15 00:48:01,112 [INFO] PluginManage:359 - Loaded plugin tools (category:base,tabindex:7)
2024-10-15 00:48:01,113 [INFO] PluginManage:310 - Check plugin tutovideos
2024-10-15 00:48:01,311 [INFO] PluginManage:359 - Loaded plugin tutovideos (category:base,tabindex:-1)
2024-10-15 00:48:01,311 [INFO] PluginManage:310 - Check plugin updater
2024-10-15 00:48:01,328 [INFO] PluginManage:359 - Loaded plugin updater (category:base,tabindex:12)
2024-10-15 00:48:01,328 [INFO] PluginManage:310 - Check plugin userauth
2024-10-15 00:48:01,334 [INFO] UserAuth:113 - Init User Auth plugin
2024-10-15 00:48:01,335 [INFO] PluginManage:359 - Loaded plugin userauth (category:base,tabindex:14)
2024-10-15 00:48:01,335 [INFO] PluginManage:283 - PluginManage : Loaded plugins [18]
2024-10-15 00:48:01,549 [INFO] PinOutPanel:1561 - setPackage(No Configuration,No Configuration)
2024-10-15 00:48:01,651 [INFO] CADModel:165 - CPN selected for project level
2024-10-15 00:48:01,651 [INFO] CADModel:114 - Register for checkConnection events
2024-10-15 00:48:01,666 [INFO] IPUIPlugin:80 - create IPUIPlugin
2024-10-15 00:48:01,666 [INFO] PluginManager:220 - loadIPPluginJar : add adc
2024-10-15 00:48:01,668 [INFO] IPUIPlugin:80 - create IPUIPlugin
2024-10-15 00:48:01,669 [INFO] PluginManager:220 - loadIPPluginJar : add aes
2024-10-15 00:48:01,671 [INFO] IPUIPlugin:80 - create IPUIPlugin
2024-10-15 00:48:01,671 [INFO] PluginManager:220 - loadIPPluginJar : add can
2024-10-15 00:48:01,672 [INFO] IPUIPlugin:80 - create IPUIPlugin
2024-10-15 00:48:01,672 [INFO] PluginManager:220 - loadIPPluginJar : add comp
2024-10-15 00:48:01,674 [INFO] IPUIPlugin:80 - create IPUIPlugin
2024-10-15 00:48:01,675 [INFO] PluginManager:220 - loadIPPluginJar : add cryp
2024-10-15 00:48:01,677 [INFO] IPUIPlugin:80 - create IPUIPlugin
2024-10-15 00:48:01,677 [INFO] PluginManager:220 - loadIPPluginJar : add ddr_ctrl_phy
2024-10-15 00:48:01,679 [INFO] IPUIPlugin:80 - create IPUIPlugin
2024-10-15 00:48:01,679 [INFO] PluginManager:220 - loadIPPluginJar : add dfsdm
2024-10-15 00:48:01,683 [INFO] IPUIPlugin:80 - create IPUIPlugin
2024-10-15 00:48:01,684 [INFO] PluginManager:220 - loadIPPluginJar : add dma
2024-10-15 00:48:01,686 [INFO] IPUIPlugin:80 - create IPUIPlugin
2024-10-15 00:48:01,686 [INFO] PluginManager:220 - loadIPPluginJar : add dma3
2024-10-15 00:48:01,688 [INFO] IPUIPlugin:80 - create IPUIPlugin
2024-10-15 00:48:01,689 [INFO] PluginManager:220 - loadIPPluginJar : add extmemmanager
2024-10-15 00:48:01,690 [INFO] IPUIPlugin:80 - create IPUIPlugin
2024-10-15 00:48:01,690 [INFO] PluginManager:220 - loadIPPluginJar : add fatfs
2024-10-15 00:48:01,693 [INFO] IPUIPlugin:80 - create IPUIPlugin
2024-10-15 00:48:01,693 [INFO] PluginManager:220 - loadIPPluginJar : add fmc
2024-10-15 00:48:01,699 [INFO] IPUIPlugin:80 - create IPUIPlugin
2024-10-15 00:48:01,699 [INFO] PluginManager:220 - loadIPPluginJar : add freertos
2024-10-15 00:48:01,701 [INFO] IPUIPlugin:80 - create IPUIPlugin
2024-10-15 00:48:01,701 [INFO] PluginManager:220 - loadIPPluginJar : add genericplugin
2024-10-15 00:48:01,703 [INFO] IPUIPlugin:80 - create IPUIPlugin
2024-10-15 00:48:01,703 [INFO] PluginManager:220 - loadIPPluginJar : add gfxmmu
2024-10-15 00:48:01,707 [INFO] IPUIPlugin:80 - create IPUIPlugin
2024-10-15 00:48:01,707 [INFO] PluginManager:220 - loadIPPluginJar : add gic
2024-10-15 00:48:01,711 [INFO] IPUIPlugin:80 - create IPUIPlugin
2024-10-15 00:48:01,711 [INFO] PluginManager:220 - loadIPPluginJar : add gpio
2024-10-15 00:48:01,714 [INFO] IPUIPlugin:80 - create IPUIPlugin
2024-10-15 00:48:01,714 [INFO] PluginManager:220 - loadIPPluginJar : add gtzc
2024-10-15 00:48:01,716 [INFO] IPUIPlugin:80 - create IPUIPlugin
2024-10-15 00:48:01,716 [INFO] PluginManager:220 - loadIPPluginJar : add hash
2024-10-15 00:48:01,718 [INFO] IPUIPlugin:80 - create IPUIPlugin
2024-10-15 00:48:01,718 [INFO] PluginManager:220 - loadIPPluginJar : add i2c
2024-10-15 00:48:01,720 [INFO] IPUIPlugin:80 - create IPUIPlugin
2024-10-15 00:48:01,720 [INFO] PluginManager:220 - loadIPPluginJar : add i2s
2024-10-15 00:48:01,723 [INFO] IPUIPlugin:80 - create IPUIPlugin
2024-10-15 00:48:01,723 [INFO] PluginManager:220 - loadIPPluginJar : add i3c
2024-10-15 00:48:01,726 [INFO] IPUIPlugin:80 - create IPUIPlugin
2024-10-15 00:48:01,726 [INFO] PluginManager:220 - loadIPPluginJar : add ipddr
2024-10-15 00:48:01,733 [INFO] IPUIPlugin:80 - create IPUIPlugin
2024-10-15 00:48:01,733 [INFO] PluginManager:220 - loadIPPluginJar : add linkedlist
2024-10-15 00:48:01,735 [INFO] IPUIPlugin:80 - create IPUIPlugin
2024-10-15 00:48:01,735 [INFO] PluginManager:220 - loadIPPluginJar : add lorawan
2024-10-15 00:48:01,737 [INFO] IPUIPlugin:80 - create IPUIPlugin
2024-10-15 00:48:01,737 [INFO] PluginManager:220 - loadIPPluginJar : add ltdc
2024-10-15 00:48:01,741 [INFO] IPUIPlugin:80 - create IPUIPlugin
2024-10-15 00:48:01,741 [INFO] PluginManager:220 - loadIPPluginJar : add mdma
2024-10-15 00:48:01,746 [INFO] IPUIPlugin:80 - create IPUIPlugin
2024-10-15 00:48:01,746 [INFO] PluginManager:220 - loadIPPluginJar : add nvic
2024-10-15 00:48:01,749 [INFO] IPUIPlugin:80 - create IPUIPlugin
2024-10-15 00:48:01,749 [INFO] PluginManager:220 - loadIPPluginJar : add opamp
2024-10-15 00:48:01,752 [INFO] IPUIPlugin:80 - create IPUIPlugin
2024-10-15 00:48:01,753 [INFO] PluginManager:220 - loadIPPluginJar : add openamp
2024-10-15 00:48:01,755 [INFO] IPUIPlugin:80 - create IPUIPlugin
2024-10-15 00:48:01,755 [INFO] PluginManager:220 - loadIPPluginJar : add pdm2pcm
2024-10-15 00:48:01,762 [INFO] IPUIPlugin:80 - create IPUIPlugin
2024-10-15 00:48:01,764 [INFO] PluginManager:220 - loadIPPluginJar : add plateformsettings
2024-10-15 00:48:01,765 [INFO] IPUIPlugin:80 - create IPUIPlugin
2024-10-15 00:48:01,765 [INFO] PluginManager:220 - loadIPPluginJar : add quadspi
2024-10-15 00:48:01,766 [INFO] IPUIPlugin:80 - create IPUIPlugin
2024-10-15 00:48:01,767 [INFO] PluginManager:220 - loadIPPluginJar : add radio
2024-10-15 00:48:01,771 [INFO] IPUIPlugin:80 - create IPUIPlugin
2024-10-15 00:48:01,771 [INFO] PluginManager:220 - loadIPPluginJar : add resmgrutility
2024-10-15 00:48:01,775 [INFO] IPUIPlugin:80 - create IPUIPlugin
2024-10-15 00:48:01,775 [INFO] PluginManager:220 - loadIPPluginJar : add sai
2024-10-15 00:48:01,777 [INFO] IPUIPlugin:80 - create IPUIPlugin
2024-10-15 00:48:01,777 [INFO] PluginManager:220 - loadIPPluginJar : add spi
2024-10-15 00:48:01,781 [INFO] IPUIPlugin:80 - create IPUIPlugin
2024-10-15 00:48:01,781 [INFO] PluginManager:220 - loadIPPluginJar : add stm32_wpan
2024-10-15 00:48:01,783 [INFO] IPUIPlugin:80 - create IPUIPlugin
2024-10-15 00:48:01,783 [INFO] PluginManager:220 - loadIPPluginJar : add tim
2024-10-15 00:48:01,786 [INFO] IPUIPlugin:80 - create IPUIPlugin
2024-10-15 00:48:01,786 [INFO] PluginManager:220 - loadIPPluginJar : add touchsensing
2024-10-15 00:48:01,788 [INFO] IPUIPlugin:80 - create IPUIPlugin
2024-10-15 00:48:01,788 [INFO] PluginManager:220 - loadIPPluginJar : add tracer_emb
2024-10-15 00:48:01,789 [INFO] IPUIPlugin:80 - create IPUIPlugin
2024-10-15 00:48:01,789 [INFO] PluginManager:220 - loadIPPluginJar : add ts
2024-10-15 00:48:01,790 [INFO] IPUIPlugin:80 - create IPUIPlugin
2024-10-15 00:48:01,790 [INFO] PluginManager:220 - loadIPPluginJar : add tsc
2024-10-15 00:48:01,792 [INFO] IPUIPlugin:80 - create IPUIPlugin
2024-10-15 00:48:01,792 [INFO] PluginManager:220 - loadIPPluginJar : add ucpd
2024-10-15 00:48:01,794 [INFO] IPUIPlugin:80 - create IPUIPlugin
2024-10-15 00:48:01,795 [INFO] PluginManager:220 - loadIPPluginJar : add usart
2024-10-15 00:48:01,797 [INFO] IPUIPlugin:80 - create IPUIPlugin
2024-10-15 00:48:01,797 [INFO] PluginManager:220 - loadIPPluginJar : add usbx
2024-10-15 00:48:01,933 [INFO] CADModel:165 - CPN selected for project level
2024-10-15 00:48:01,933 [INFO] CADModel:114 - Register for checkConnection events
2024-10-15 00:48:01,934 [FATAL] Updater:334 - Updater called before beeing initialized
2024-10-15 00:48:01,934 [ERROR] CADModel:125 - Updater not yet initialized, retry later 
2024-10-15 00:48:02,099 [INFO] CADModel:165 - CPN selected for project level
2024-10-15 00:48:02,099 [INFO] CADModel:114 - Register for checkConnection events
2024-10-15 00:48:02,099 [FATAL] Updater:334 - Updater called before beeing initialized
2024-10-15 00:48:02,099 [ERROR] CADModel:125 - Updater not yet initialized, retry later 
2024-10-15 00:48:02,102 [FATAL] Updater:334 - Updater called before beeing initialized
2024-10-15 00:48:02,228 [FATAL] Updater:334 - Updater called before beeing initialized
2024-10-15 00:48:02,232 [INFO] DbMcusAds:53 - JSON generation date=Fri Sep 20 15:04:23 CEST 2024 (1726837463113)
2024-10-15 00:48:02,233 [FATAL] Updater:334 - Updater called before beeing initialized
2024-10-15 00:48:02,276 [WARN] DetailPanel:346 - Failed to get advertising image, set to default
2024-10-15 00:48:02,363 [FATAL] Updater:334 - Updater called before beeing initialized
2024-10-15 00:48:02,364 [FATAL] Updater:334 - Updater called before beeing initialized
2024-10-15 00:48:02,364 [FATAL] Updater:334 - Updater called before beeing initialized
2024-10-15 00:48:02,364 [WARN] DetailPanel:346 - Failed to get advertising image, set to default
2024-10-15 00:48:02,365 [FATAL] Updater:334 - Updater called before beeing initialized
2024-10-15 00:48:02,411 [ERROR] Updater:1164 - MainUpdater not yet initialized. External WinMGr cannot be set.
2024-10-15 00:48:02,412 [INFO] Updater:1100 - Updater Version found : 6.12.1
2024-10-15 00:48:02,431 [INFO] ApplicationProperties:184 - Using Application install path: C:\Program Files (x86)\STM32CubeIDE_1.16.1\STM32CubeIDE\plugins\com.st.stm32cube.common.mx_6.12.1.202409122256
2024-10-15 00:48:04,012 [ERROR] LogOutputStream:75 - [STDERR_REDIRECT] Oct 15, 2024 12:48:04 AM java.util.prefs.WindowsPreferences <init>
2024-10-15 00:48:04,018 [ERROR] LogOutputStream:75 - [STDERR_REDIRECT] WARNING: Could not open/create prefs root node Software\JavaSoft\Prefs at root 0xffffffff80000002. Windows RegCreateKeyEx(...) returned error code 5.
2024-10-15 00:48:04,018 [ERROR] LogOutputStream:75 - [STDERR_REDIRECT] 
2024-10-15 00:48:04,112 [INFO] ThirdPartyUpdaterWithRetryManager:70 - Updater plugin not ready yet. [2/15]
2024-10-15 00:48:04,412 [INFO] MainUpdater:2873 - connection check result : 10
2024-10-15 00:48:04,413 [INFO] MainUpdater:290 - Updater Check For Update Now.
2024-10-15 00:48:04,413 [INFO] MicroXplorer:498 - Change Database Version : DB.6.0.121
2024-10-15 00:48:04,421 [INFO] McuFinderGlobals:63 - Set McuFinder mode to 2 (CubeIDE integrated)
2024-10-15 00:48:04,422 [INFO] UserAuth:417 - Internet connection configuration mode: 1
2024-10-15 00:48:04,446 [INFO] JxBrowserEngine:152 - Initiate JxBrowser Engine with user profile folder
2024-10-15 00:48:04,644 [INFO] CheckServerUpdateThread:120 - End of CheckServer Thread
2024-10-15 00:48:05,524 [INFO] WebApp:167 - Instantiating new browser for Auth
2024-10-15 00:48:06,980 [INFO] WebApp:448 - Apply proxy settings
2024-10-15 00:48:06,980 [INFO] WebApp:533 - Chromium requires no authentication
2024-10-15 00:48:06,990 [INFO] WebApp:476 - Direct internet connection detected
2024-10-15 00:48:07,016 [INFO] WebApp:869 - Register for checkConnection events
2024-10-15 00:48:07,016 [INFO] WebApp:448 - Apply proxy settings
2024-10-15 00:48:07,016 [INFO] WebApp:533 - Chromium requires no authentication
2024-10-15 00:48:07,017 [INFO] WebApp:476 - Direct internet connection detected
2024-10-15 00:48:07,249 [INFO] WebApp:220 - Starting web application
2024-10-15 00:48:07,249 [INFO] WebApp:578 - Web application path used C:\Program Files (x86)\STM32CubeIDE_1.16.1\STM32CubeIDE\plugins\com.st.stm32cube.common.mx_6.12.1.202409122256\db\plugins\mcufinder\reactClient1\index.html
2024-10-15 00:48:07,422 [INFO] UserAuth:417 - Internet connection configuration mode: 1
2024-10-15 00:48:08,130 [INFO] WebApp:186 - Connection restablished
2024-10-15 00:48:08,240 [WARN] PackLoader:240 - Cannot read IP mode file for STMicroelectronics.FP-SNS-MOTENVWB1.1.4.0
2024-10-15 00:48:08,262 [WARN] PackLoader:240 - Cannot read IP mode file for STMicroelectronics.X-CUBE-SMBUS.2.1.0
2024-10-15 00:48:08,279 [WARN] PackLoader:240 - Cannot read IP mode file for STMicroelectronics.X-CUBE-WB05N.1.1.0
2024-10-15 00:48:08,290 [WARN] PackLoader:240 - Cannot read IP mode file for STMicroelectronics.X-CUBE-TOUCHGFX.4.23.0
2024-10-15 00:48:08,296 [WARN] PackLoader:240 - Cannot read IP mode file for STMicroelectronics.X-CUBE-TOUCHGFX.4.23.2
2024-10-15 00:48:08,350 [WARN] PackLoader:240 - Cannot read IP mode file for STMicroelectronics.X-CUBE-AZRTOS-F7.1.1.0
2024-10-15 00:48:08,365 [WARN] PackLoader:240 - Cannot read IP mode file for STMicroelectronics.FP-SNS-MOTENV1.4.3.2
2024-10-15 00:48:08,454 [WARN] PackLoader:240 - Cannot read IP mode file for STMicroelectronics.X-CUBE-MEMS1.11.0.0
2024-10-15 00:48:08,733 [WARN] PackLoader:240 - Cannot read IP mode file for STMicroelectronics.FP-SNS-FLIGHT1.5.0.2
2024-10-15 00:48:08,752 [WARN] PackLoader:240 - Cannot read IP mode file for STMicroelectronics.X-CUBE-DISPLAY.3.0.0
2024-10-15 00:48:08,766 [WARN] PackLoader:240 - Cannot read IP mode file for STMicroelectronics.X-CUBE-BLE1.7.0.0
2024-10-15 00:48:08,776 [WARN] PackLoader:240 - Cannot read IP mode file for STMicroelectronics.X-CUBE-NFC10.1.0.0
2024-10-15 00:48:08,787 [WARN] PackLoader:240 - Cannot read IP mode file for emotas.I-CUBE-CANOPEN.1.3.0
2024-10-15 00:48:08,801 [WARN] PackLoader:240 - Cannot read IP mode file for STMicroelectronics.X-CUBE-BLEMGR.3.1.0
2024-10-15 00:48:08,811 [WARN] PackLoader:240 - Cannot read IP mode file for STMicroelectronics.FP-SNS-SMARTAG2.1.2.0
2024-10-15 00:48:08,825 [INFO] LogOutputStream:77 - [STDOUT_REDIRECT] 1 : Invalid condition id : UX_CORESTACK_Condition cause : null
2024-10-15 00:48:08,826 [INFO] LogOutputStream:77 - [STDOUT_REDIRECT] 1 : Invalid condition id : UX_CORESTACK_Condition cause : null
2024-10-15 00:48:08,828 [INFO] LogOutputStream:77 - [STDOUT_REDIRECT] 1 : Invalid condition id : UX_CORESTACK_Condition cause : null
2024-10-15 00:48:08,830 [INFO] LogOutputStream:77 - [STDOUT_REDIRECT] 1 : Invalid condition id : UX_CORESTACK_Condition cause : null
2024-10-15 00:48:08,832 [INFO] LogOutputStream:77 - [STDOUT_REDIRECT] 1 : Invalid condition id : UX_CORESTACK_Condition cause : null
2024-10-15 00:48:08,835 [WARN] PackLoader:240 - Cannot read IP mode file for STMicroelectronics.X-CUBE-AZRTOS-WL.2.0.0
2024-10-15 00:48:08,843 [WARN] PackLoader:240 - Cannot read IP mode file for STMicroelectronics.FP-SNS-MOTENV1.5.0.0
2024-10-15 00:48:08,852 [WARN] PackLoader:240 - Cannot read IP mode file for wolfSSL.I-CUBE-wolfMQTT.1.19.0
2024-10-15 00:48:08,863 [WARN] PackLoader:240 - Cannot read IP mode file for WES.I-CUBE-Cesium.1.3.0
2024-10-15 00:48:08,869 [WARN] PackLoader:240 - Cannot read IP mode file for STMicroelectronics.X-CUBE-BLE2.3.3.0
2024-10-15 00:48:08,879 [WARN] PackLoader:240 - Cannot read IP mode file for STMicroelectronics.X-CUBE-NFC9.1.0.0
2024-10-15 00:48:08,894 [WARN] PackLoader:240 - Cannot read IP mode file for STMicroelectronics.X-CUBE-TCPP.4.1.0
2024-10-15 00:48:08,904 [WARN] PackLoader:240 - Cannot read IP mode file for STMicroelectronics.X-CUBE-ALGOBUILD.1.3.0
2024-10-15 00:48:08,927 [WARN] PackLoader:240 - Cannot read IP mode file for STMicroelectronics.X-CUBE-AZRTOS-G0.1.1.0
2024-10-15 00:48:08,939 [WARN] PackLoader:240 - Cannot read IP mode file for STMicroelectronics.X-CUBE-SAFEA1.1.2.2
2024-10-15 00:48:08,950 [WARN] PackLoader:240 - Cannot read IP mode file for STMicroelectronics.X-CUBE-NFC4.3.0.0
2024-10-15 00:48:08,964 [WARN] PackLoader:240 - Cannot read IP mode file for EmbeddedOffice.I-CUBE-FS-RTOS.1.0.1
2024-10-15 00:48:08,965 [ERROR] ConditionMgr:805 - Attr not supported : Dmpu
2024-10-15 00:48:08,965 [ERROR] ConditionMgr:805 - Attr not supported : Dmpu
2024-10-15 00:48:08,965 [ERROR] ConditionMgr:805 - Attr not supported : Dmpu
2024-10-15 00:48:08,965 [ERROR] ConditionMgr:805 - Attr not supported : Dmpu
2024-10-15 00:48:08,965 [ERROR] ConditionMgr:805 - Attr not supported : Dmpu
2024-10-15 00:48:08,965 [ERROR] ConditionMgr:805 - Attr not supported : Dmpu
2024-10-15 00:48:08,965 [ERROR] ConditionMgr:805 - Attr not supported : Dmpu
2024-10-15 00:48:08,965 [ERROR] ConditionMgr:805 - Attr not supported : Dmpu
2024-10-15 00:48:08,966 [ERROR] ConditionMgr:805 - Attr not supported : Dmpu
2024-10-15 00:48:08,966 [ERROR] ConditionMgr:805 - Attr not supported : Dmpu
2024-10-15 00:48:08,966 [ERROR] ConditionMgr:805 - Attr not supported : Dmpu
2024-10-15 00:48:08,966 [ERROR] ConditionMgr:805 - Attr not supported : Dmpu
2024-10-15 00:48:08,966 [ERROR] ConditionMgr:805 - Attr not supported : Dmpu
2024-10-15 00:48:08,966 [ERROR] ConditionMgr:805 - Attr not supported : Dmpu
2024-10-15 00:48:08,966 [ERROR] ConditionMgr:805 - Attr not supported : Dmpu
2024-10-15 00:48:08,966 [ERROR] ConditionMgr:805 - Attr not supported : Dmpu
2024-10-15 00:48:08,966 [ERROR] ConditionMgr:805 - Attr not supported : Dmpu
2024-10-15 00:48:08,967 [ERROR] ConditionMgr:805 - Attr not supported : Dmpu
2024-10-15 00:48:08,967 [ERROR] ConditionMgr:805 - Attr not supported : Dmpu
2024-10-15 00:48:08,967 [ERROR] ConditionMgr:805 - Attr not supported : Dmpu
2024-10-15 00:48:08,967 [ERROR] ConditionMgr:805 - Attr not supported : Dmpu
2024-10-15 00:48:08,967 [ERROR] ConditionMgr:805 - Attr not supported : Dmpu
2024-10-15 00:48:08,967 [ERROR] ConditionMgr:805 - Attr not supported : Dmpu
2024-10-15 00:48:08,967 [ERROR] ConditionMgr:805 - Attr not supported : Dmpu
2024-10-15 00:48:08,967 [ERROR] ConditionMgr:805 - Attr not supported : Dmpu
2024-10-15 00:48:08,967 [ERROR] ConditionMgr:805 - Attr not supported : Dmpu
2024-10-15 00:48:08,968 [ERROR] ConditionMgr:805 - Attr not supported : Dmpu
2024-10-15 00:48:08,968 [ERROR] ConditionMgr:805 - Attr not supported : Dmpu
2024-10-15 00:48:08,968 [ERROR] ConditionMgr:805 - Attr not supported : Dmpu
2024-10-15 00:48:08,968 [ERROR] ConditionMgr:805 - Attr not supported : Dmpu
2024-10-15 00:48:08,968 [ERROR] ConditionMgr:805 - Attr not supported : Dmpu
2024-10-15 00:48:08,968 [ERROR] ConditionMgr:805 - Attr not supported : Dmpu
2024-10-15 00:48:08,968 [ERROR] ConditionMgr:805 - Attr not supported : Dmpu
2024-10-15 00:48:08,969 [ERROR] ConditionMgr:805 - Attr not supported : Dmpu
2024-10-15 00:48:08,969 [ERROR] ConditionMgr:805 - Attr not supported : Dmpu
2024-10-15 00:48:08,969 [ERROR] ConditionMgr:805 - Attr not supported : Dmpu
2024-10-15 00:48:08,969 [ERROR] ConditionMgr:805 - Attr not supported : Dmpu
2024-10-15 00:48:08,969 [ERROR] ConditionMgr:805 - Attr not supported : Dmpu
2024-10-15 00:48:08,969 [ERROR] ConditionMgr:805 - Attr not supported : Dmpu
2024-10-15 00:48:08,969 [ERROR] ConditionMgr:805 - Attr not supported : Dmpu
2024-10-15 00:48:08,969 [ERROR] ConditionMgr:805 - Attr not supported : Dmpu
2024-10-15 00:48:08,970 [ERROR] ConditionMgr:805 - Attr not supported : Dmpu
2024-10-15 00:48:08,970 [ERROR] ConditionMgr:805 - Attr not supported : Dmpu
2024-10-15 00:48:08,970 [ERROR] ConditionMgr:805 - Attr not supported : Dmpu
2024-10-15 00:48:08,970 [ERROR] ConditionMgr:805 - Attr not supported : Dmpu
2024-10-15 00:48:08,970 [ERROR] ConditionMgr:805 - Attr not supported : Dmpu
2024-10-15 00:48:08,970 [ERROR] ConditionMgr:805 - Attr not supported : Dmpu
2024-10-15 00:48:08,970 [ERROR] ConditionMgr:805 - Attr not supported : Dmpu
2024-10-15 00:48:08,970 [ERROR] ConditionMgr:805 - Attr not supported : Dmpu
2024-10-15 00:48:08,970 [ERROR] ConditionMgr:805 - Attr not supported : Dmpu
2024-10-15 00:48:08,971 [ERROR] ConditionMgr:805 - Attr not supported : Dmpu
2024-10-15 00:48:08,971 [ERROR] ConditionMgr:805 - Attr not supported : Dmpu
2024-10-15 00:48:08,971 [ERROR] ConditionMgr:805 - Attr not supported : Dmpu
2024-10-15 00:48:08,971 [ERROR] ConditionMgr:805 - Attr not supported : Dmpu
2024-10-15 00:48:08,971 [ERROR] ConditionMgr:805 - Attr not supported : Dmpu
2024-10-15 00:48:08,971 [ERROR] ConditionMgr:805 - Attr not supported : Dmpu
2024-10-15 00:48:08,971 [ERROR] ConditionMgr:805 - Attr not supported : Dmpu
2024-10-15 00:48:08,971 [ERROR] ConditionMgr:805 - Attr not supported : Dmpu
2024-10-15 00:48:08,971 [ERROR] ConditionMgr:805 - Attr not supported : Dmpu
2024-10-15 00:48:08,972 [ERROR] ConditionMgr:805 - Attr not supported : Dmpu
2024-10-15 00:48:08,972 [ERROR] ConditionMgr:805 - Attr not supported : Dmpu
2024-10-15 00:48:08,972 [ERROR] ConditionMgr:805 - Attr not supported : Dmpu
2024-10-15 00:48:08,972 [ERROR] ConditionMgr:805 - Attr not supported : Dmpu
2024-10-15 00:48:08,972 [ERROR] ConditionMgr:805 - Attr not supported : Dmpu
2024-10-15 00:48:08,983 [WARN] PackLoader:240 - Cannot read IP mode file for RealThread.X-CUBE-RT-Thread_Nano.4.1.1
2024-10-15 00:48:08,990 [WARN] PackLoader:240 - Cannot read IP mode file for STMicroelectronics.FP-ATR-SIGFOX1.3.2.0
2024-10-15 00:48:08,999 [WARN] PackLoader:240 - Cannot read IP mode file for STMicroelectronics.X-CUBE-EEPRMA1.5.1.0
2024-10-15 00:48:09,054 [WARN] PackLoader:240 - Cannot read IP mode file for SEGGER.I-CUBE-embOS.1.3.1
2024-10-15 00:48:09,145 [WARN] PackLoader:240 - Cannot read IP mode file for STMicroelectronics.X-CUBE-ALGOBUILD.1.4.0
2024-10-15 00:48:09,152 [WARN] PackLoader:240 - Cannot read IP mode file for STMicroelectronics.X-CUBE-AI.9.1.0
2024-10-15 00:48:09,162 [WARN] PackLoader:240 - Cannot read IP mode file for STMicroelectronics.X-CUBE-GNSS1.6.0.0
2024-10-15 00:48:09,188 [WARN] PackLoader:240 - Cannot read IP mode file for STMicroelectronics.X-CUBE-AZRTOS-F4.1.1.0
2024-10-15 00:48:09,200 [WARN] PackLoader:240 - Cannot read IP mode file for STMicroelectronics.X-CUBE-ISPU.2.1.0
2024-10-15 00:48:09,208 [WARN] PackLoader:240 - Cannot read IP mode file for STMicroelectronics.X-CUBE-FREERTOS.1.2.0
2024-10-15 00:48:09,215 [WARN] PackLoader:240 - Cannot read IP mode file for wolfSSL.I-CUBE-wolfSSL.5.6.6
2024-10-15 00:48:09,242 [WARN] PackLoader:240 - Cannot read IP mode file for STMicroelectronics.X-CUBE-AZRTOS-L5.2.0.0
2024-10-15 00:48:09,257 [WARN] PackLoader:240 - Cannot read IP mode file for STMicroelectronics.X-CUBE-NFC6.3.1.0
2024-10-15 00:48:09,271 [WARN] PackLoader:240 - Cannot read IP mode file for ITTIA_DB.I-CUBE-ITTIADB.8.8.0
2024-10-15 00:48:09,282 [WARN] PackLoader:240 - Cannot read IP mode file for STMicroelectronics.X-CUBE-DPower.1.2.0
2024-10-15 00:48:09,287 [WARN] PackLoader:240 - Cannot read IP mode file for STMicroelectronics.X-CUBE-AI.9.0.0
2024-10-15 00:48:09,294 [WARN] PackLoader:240 - Cannot read IP mode file for STMicroelectronics.X-CUBE-NFC7.1.0.1
2024-10-15 00:48:09,301 [WARN] PackLoader:240 - Cannot read IP mode file for wolfSSL.I-CUBE-wolfTPM.3.2.0
2024-10-15 00:48:09,310 [WARN] PackLoader:240 - Cannot read IP mode file for STMicroelectronics.X-CUBE-NFC6.3.0.0
2024-10-15 00:48:09,317 [WARN] PackLoader:240 - Cannot read IP mode file for STMicroelectronics.X-CUBE-AI.8.1.0
2024-10-15 00:48:09,341 [WARN] ConditionMgr:438 - getConditionDescription Invalid condition id : LAN8742 Phy interface Condition cause : null
2024-10-15 00:48:09,342 [WARN] PackLoader:240 - Cannot read IP mode file for STMicroelectronics.X-CUBE-AZRTOS-L4.2.0.0
2024-10-15 00:48:09,345 [WARN] ConditionMgr:1039 - genDependencies : Invalid condition id : LAN8742 Phy interface Condition cause : null
2024-10-15 00:48:09,345 [WARN] ConditionMgr:1039 - genDependencies : Invalid condition id : LAN8742 Phy interface Condition cause : null
2024-10-15 00:48:09,346 [WARN] ConditionMgr:1039 - genDependencies : Invalid condition id : LAN8742 Phy interface Condition cause : null
2024-10-15 00:48:09,358 [WARN] PackLoader:240 - Cannot read IP mode file for STMicroelectronics.X-CUBE-SFXS2LP1.4.0.0
2024-10-15 00:48:09,401 [WARN] PackLoader:240 - Cannot read IP mode file for STMicroelectronics.X-CUBE-AZRTOS-H7.3.3.0
2024-10-15 00:48:09,426 [WARN] PackLoader:240 - Cannot read IP mode file for STMicroelectronics.X-CUBE-IPS.3.0.0
2024-10-15 00:48:09,454 [WARN] ConditionMgr:438 - getConditionDescription Invalid condition id : UX DEVICE CLASS RTOS Condition cause : null
2024-10-15 00:48:09,454 [WARN] ConditionMgr:438 - getConditionDescription Invalid condition id : UX DEVICE CLASS RTOS Condition cause : null
2024-10-15 00:48:09,458 [WARN] PackLoader:240 - Cannot read IP mode file for STMicroelectronics.X-CUBE-AZRTOS-WB.2.0.0
2024-10-15 00:48:09,460 [WARN] ConditionMgr:1039 - genDependencies : Invalid condition id : UX DEVICE CLASS RTOS Condition cause : null
2024-10-15 00:48:09,460 [WARN] ConditionMgr:1039 - genDependencies : Invalid condition id : UX DEVICE CLASS RTOS Condition cause : null
2024-10-15 00:48:09,461 [WARN] ConditionMgr:1039 - genDependencies : Invalid condition id : UX DEVICE CLASS RTOS Condition cause : null
2024-10-15 00:48:09,462 [WARN] ConditionMgr:1039 - genDependencies : Invalid condition id : UX DEVICE CLASS RTOS Condition cause : null
2024-10-15 00:48:09,462 [WARN] ConditionMgr:1039 - genDependencies : Invalid condition id : UX DEVICE CLASS RTOS Condition cause : null
2024-10-15 00:48:09,480 [WARN] PackLoader:240 - Cannot read IP mode file for STMicroelectronics.X-CUBE-GNSS1.7.0.0
2024-10-15 00:48:09,493 [WARN] PackLoader:240 - Cannot read IP mode file for STMicroelectronics.FP-SNS-STBOX1.2.0.0
2024-10-15 00:48:09,515 [WARN] PackLoader:240 - Cannot read IP mode file for STMicroelectronics.X-CUBE-SUBG2.5.0.0
2024-10-15 00:48:09,549 [WARN] PackLoader:240 - Cannot read IP mode file for STMicroelectronics.X-CUBE-AZRTOS-G4.2.0.0
2024-10-15 00:48:09,581 [WARN] PackLoader:240 - Cannot read IP mode file for Infineon.AIROC-Wi-Fi-Bluetooth-STM32.1.5.1
2024-10-15 00:48:09,596 [WARN] PackLoader:240 - Cannot read IP mode file for STMicroelectronics.FP-SNS-MOTENVWB1.1.3.1
2024-10-15 00:48:09,601 [WARN] PackLoader:240 - Cannot read IP mode file for STMicroelectronics.X-CUBE-ISPU.2.0.0
2024-10-15 00:48:09,609 [WARN] PackLoader:240 - Cannot read IP mode file for STMicroelectronics.X-CUBE-ALS.1.0.2
2024-10-15 00:48:09,682 [WARN] PackLoader:240 - Cannot read IP mode file for STMicroelectronics.X-CUBE-MEMS1.10.0.0
2024-10-15 00:48:09,856 [WARN] PackLoader:240 - Cannot read IP mode file for STMicroelectronics.X-CUBE-FREERTOS.1.1.0
2024-10-15 00:48:09,861 [WARN] PackLoader:240 - Cannot read IP mode file for STMicroelectronics.X-CUBE-TOUCHGFX.4.24.0
2024-10-15 00:48:09,864 [WARN] PackLoader:240 - Cannot read IP mode file for STMicroelectronics.X-CUBE-TOUCHGFX.4.24.1
2024-10-15 00:48:09,870 [WARN] PackLoader:240 - Cannot read IP mode file for portGmbH.I-Cube-SoM-uGOAL.1.1.0
2024-10-15 00:48:09,874 [WARN] PackLoader:240 - Cannot read IP mode file for STMicroelectronics.X-CUBE-ALS.1.0.1
2024-10-15 00:48:09,891 [WARN] PackLoader:240 - Cannot read IP mode file for STMicroelectronics.X-CUBE-AZRTOS-H7RS.1.0.0
2024-10-15 00:48:09,899 [WARN] PackLoader:240 - Cannot read IP mode file for STMicroelectronics.FP-ATR-ASTRA1.2.0.0
2024-10-15 00:48:09,911 [WARN] PackLoader:240 - Cannot read IP mode file for STMicroelectronics.X-CUBE-TOF1.3.4.2
2024-10-15 00:48:09,933 [WARN] PackLoader:240 - Cannot read IP mode file for STMicroelectronics.X-CUBE-TOF1.3.4.1
2024-10-15 00:48:09,969 [WARN] PackLoader:240 - Cannot read IP mode file for STMicroelectronics.X-CUBE-AZRTOS-H7.3.2.0
2024-10-15 00:48:09,995 [WARN] PackLoader:240 - Cannot read IP mode file for wolfSSL.I-CUBE-wolfSSH.1.4.17
2024-10-15 00:48:09,995 [INFO] ThirdParty:978 - Integrity check success = true
2024-10-15 00:48:09,996 [INFO] IntegrityCheckThread:100 - exiting critical section [integrity check]
2024-10-15 00:48:09,996 [INFO] IntegrityCheckThread:103 - End integrity checks thread
2024-10-15 00:49:11,113 [ERROR] LogOutputStream:75 - [STDERR_REDIRECT] 
2024-10-15 00:49:11,114 [ERROR] LogOutputStream:75 - [STDERR_REDIRECT] 
