2024-11-04 11:44:43,514 [INFO] WebApp:189 - Connection lost
2024-11-04 11:45:02,420 [INFO] WebApp:186 - Connection restablished
2024-11-04 11:45:04,380 [INFO] WebApp:189 - Connection lost
2024-11-04 11:45:04,497 [INFO] WebApp:186 - Connection restablished
2024-11-04 16:32:43,345 [INFO] MainUpdater:2873 - connection check result : 10
2024-11-04 16:32:43,347 [INFO] MainUpdater:2873 - connection check result : 10
2024-11-04 16:32:43,629 [INFO] MicroXplorer:468 - Change Database Path : 
2024-11-04 16:32:43,630 [INFO] MicroXplorer:498 - Change Database Version : DB.6.0.121
2024-11-04 16:32:43,673 [ERROR] ProjectManagerView:394 - 
java.lang.NullPointerException: Cannot invoke "javax.swing.JTextField.getText()" because the return value of "java.util.List.get(int)" is null
	at com.st.microxplorer.plugins.projectmanager.gui.ProjectChoiceTab$10.caretUpdate(ProjectChoiceTab.java:2622) ~[filemanager.jar:?]
	at javax.swing.text.JTextComponent.fireCaretUpdate(JTextComponent.java:412) ~[?:?]
	at javax.swing.text.JTextComponent$MutableCaretEvent.fire(JTextComponent.java:4491) ~[?:?]
	at javax.swing.text.JTextComponent$MutableCaretEvent.stateChanged(JTextComponent.java:4513) ~[?:?]
	at javax.swing.text.DefaultCaret.fireStateChanged(DefaultCaret.java:842) ~[?:?]
	at javax.swing.text.DefaultCaret.changeCaretPosition(DefaultCaret.java:1313) ~[?:?]
	at javax.swing.text.DefaultCaret.handleSetDot(DefaultCaret.java:1212) ~[?:?]
	at javax.swing.text.DefaultCaret.setDot(DefaultCaret.java:1193) ~[?:?]
	at javax.swing.text.DefaultCaret$Handler.insertUpdate(DefaultCaret.java:1789) ~[?:?]
	at javax.swing.text.AbstractDocument.fireInsertUpdate(AbstractDocument.java:226) ~[?:?]
	at javax.swing.text.AbstractDocument.handleInsertString(AbstractDocument.java:780) ~[?:?]
	at javax.swing.text.AbstractDocument.insertString(AbstractDocument.java:739) ~[?:?]
	at javax.swing.text.PlainDocument.insertString(PlainDocument.java:131) ~[?:?]
	at javax.swing.text.AbstractDocument.replace(AbstractDocument.java:698) ~[?:?]
	at javax.swing.text.JTextComponent.setText(JTextComponent.java:1729) ~[?:?]
	at com.st.microxplorer.plugins.projectmanager.gui.ProjectChoiceTab.createHeapStackFields(ProjectChoiceTab.java:972) ~[filemanager.jar:?]
	at com.st.microxplorer.plugins.projectmanager.gui.ProjectChoiceTab.buildLinkSettingsPanel(ProjectChoiceTab.java:3597) ~[filemanager.jar:?]
	at com.st.microxplorer.plugins.projectmanager.gui.ProjectChoiceTab.defineWindowsFields(ProjectChoiceTab.java:1940) ~[filemanager.jar:?]
	at com.st.microxplorer.plugins.projectmanager.gui.ProjectChoiceTab.updateSettings(ProjectChoiceTab.java:550) ~[filemanager.jar:?]
	at com.st.microxplorer.plugins.projectmanager.gui.ProjectSettingsPanel.UpdateDialog(ProjectSettingsPanel.java:245) ~[filemanager.jar:?]
	at com.st.microxplorer.plugins.projectmanager.ProjectManagerView.propertyChange(ProjectManagerView.java:391) ~[filemanager.jar:?]
	at java.beans.PropertyChangeSupport.fire(PropertyChangeSupport.java:343) ~[?:?]
	at java.beans.PropertyChangeSupport.firePropertyChange(PropertyChangeSupport.java:335) ~[?:?]
	at java.beans.PropertyChangeSupport.firePropertyChange(PropertyChangeSupport.java:268) ~[?:?]
	at com.st.microxplorer.util.MXPropertyChangeSupport.firePropertyChange(MXPropertyChangeSupport.java:54) ~[STM32CubeMX.jar:?]
	at com.st.microxplorer.mxsystem.MxSystem.closeConfig(MxSystem.java:900) ~[STM32CubeMX.jar:?]
	at com.st.microxplorer.maingui.MainPanel.closeConfig(MainPanel.java:781) ~[STM32CubeMX.jar:?]
	at com.st.microxplorer.plugins.filemanager.engine.OpenFileManager.loadConfigurationFile(OpenFileManager.java:265) ~[filemanager.jar:?]
	at com.st.microxplorer.plugins.filemanager.engine.MainFileManager.userLoadConfig(MainFileManager.java:352) ~[filemanager.jar:?]
	at com.st.microxplorer.plugins.filemanager.engine.MainFileManager.userLoadConfig(MainFileManager.java:330) ~[filemanager.jar:?]
	at com.st.microxplorer.plugins.filemanager.FileManagerView.getSpecificTask(FileManagerView.java:246) ~[filemanager.jar:?]
	at com.st.stm32cube.common.mx.editor.CubeMxEditor.getMxTabbedPaneInstance(CubeMxEditor.java:1198) ~[com.st.stm32cube.common.mx_6.12.1.202409122256/:?]
	at com.st.stm32cube.common.mx.editor.CubeMxEditor$12$1.createSwingComponent(CubeMxEditor.java:1068) ~[com.st.stm32cube.common.mx_6.12.1.202409122256/:?]
	at com.st.stm32cube.common.mx.oss.core.awtswtbridge.EmbeddedSwingComposite.doComponentCreation(EmbeddedSwingComposite.java:492) ~[com.st.stm32cube.common.mx.oss_6.12.1.202409122256/:?]
	at com.st.stm32cube.common.mx.oss.core.awtswtbridge.EmbeddedSwingComposite$4.run(EmbeddedSwingComposite.java:291) ~[com.st.stm32cube.common.mx.oss_6.12.1.202409122256/:?]
	at com.st.stm32cube.common.mx.oss.core.awtswtbridge.AwtEnvironment$2.run(AwtEnvironment.java:166) ~[com.st.stm32cube.common.mx.oss_6.12.1.202409122256/:?]
	at java.awt.event.InvocationEvent.dispatch(InvocationEvent.java:318) ~[?:?]
	at java.awt.EventQueue.dispatchEventImpl(EventQueue.java:773) ~[?:?]
	at java.awt.EventQueue$4.run(EventQueue.java:720) ~[?:?]
	at java.awt.EventQueue$4.run(EventQueue.java:714) ~[?:?]
	at java.security.AccessController.doPrivileged(AccessController.java:399) ~[?:?]
	at java.security.ProtectionDomain$JavaSecurityAccessImpl.doIntersectionPrivilege(ProtectionDomain.java:86) ~[?:?]
	at java.awt.EventQueue.dispatchEvent(EventQueue.java:742) ~[?:?]
	at java.awt.EventDispatchThread.pumpOneEventForFilters(EventDispatchThread.java:203) ~[?:?]
	at java.awt.EventDispatchThread.pumpEventsForFilter(EventDispatchThread.java:124) ~[?:?]
	at java.awt.EventDispatchThread.pumpEventsForHierarchy(EventDispatchThread.java:113) ~[?:?]
	at java.awt.EventDispatchThread.pumpEvents(EventDispatchThread.java:109) ~[?:?]
	at java.awt.EventDispatchThread.pumpEvents(EventDispatchThread.java:101) ~[?:?]
	at java.awt.EventDispatchThread.run(EventDispatchThread.java:90) ~[?:?]
2024-11-04 16:32:43,692 [WARN] ThirdParty:871 - waiting for thirdparty lock release [close project]
2024-11-04 16:32:43,693 [INFO] ThirdParty:873 - entering critical section [close project]
2024-11-04 16:32:43,694 [INFO] ThirdParty:883 - exiting critical section [close project]
2024-11-04 16:32:43,697 [INFO] PinOutPanel:1561 - setPackage(No Configuration,No Configuration)
2024-11-04 16:32:43,722 [INFO] UtilMem:75 - Begin LoadConfig() Used Memory: 313298536 Bytes (570425344)
2024-11-04 16:32:43,723 [INFO] MicroXplorer:468 - Change Database Path : 
2024-11-04 16:32:43,724 [INFO] MicroXplorer:498 - Change Database Version : DB.6.0.121
2024-11-04 16:32:43,724 [INFO] OpenFileManager:332 - Change cursor
2024-11-04 16:32:43,745 [INFO] Mcu:2032 - Initializing MCU STM32F446R(C-E)Tx STM32F446RETx STM32F446RET6
2024-11-04 16:32:46,056 [INFO] Context:742 - Trying to add GPIOservice into a context  which must be forbidden
2024-11-04 16:32:46,723 [INFO] RtosManager:555 - Registered RTOS mode: class=CMSIS, group=RTOS, mode=CMSIS_V1, owner=FREERTOS
2024-11-04 16:32:46,723 [INFO] RtosManager:555 - Registered RTOS mode: class=CMSIS, group=RTOS2, mode=CMSIS_V2, owner=FREERTOS
2024-11-04 16:32:46,723 [INFO] RtosManager:555 - Registered RTOS mode: class=RTOS, group=Core, mode=CMSIS_V1, owner=FREERTOS
2024-11-04 16:32:46,723 [INFO] RtosManager:555 - Registered RTOS mode: class=RTOS, group=Core, mode=CMSIS_V2, owner=FREERTOS
2024-11-04 16:32:46,723 [WARN] ModelIntegratedComponent:184 - Missing modes for component STMicroelectronics:FreeRTOS:0.0.1:STMicroelectronics:RTOS:FreeRTOS:Core:::10.2.0:
2024-11-04 16:32:46,735 [WARN] ModelIntegratedComponent:63 - No mode defined for component null
2024-11-04 16:32:46,735 [WARN] ModelIntegratedComponent:63 - No mode defined for component null
2024-11-04 16:32:46,735 [WARN] ModelIntegratedComponent:63 - No mode defined for component null
2024-11-04 16:32:46,735 [WARN] ModelIntegratedComponent:63 - No mode defined for component null
2024-11-04 16:32:46,736 [WARN] ModelIntegratedComponent:63 - No mode defined for component null
2024-11-04 16:32:46,736 [WARN] ModelIntegratedComponent:63 - No mode defined for component null
2024-11-04 16:32:46,736 [WARN] ModelIntegratedComponent:63 - No mode defined for component null
2024-11-04 16:32:46,736 [WARN] ModelIntegratedComponent:63 - No mode defined for component null
2024-11-04 16:32:46,736 [WARN] ModelIntegratedComponent:63 - No mode defined for component null
2024-11-04 16:32:46,736 [WARN] ModelIntegratedComponent:63 - No mode defined for component null
2024-11-04 16:32:46,736 [WARN] ModelIntegratedComponent:63 - No mode defined for component null
2024-11-04 16:32:46,736 [WARN] ModelIntegratedComponent:63 - No mode defined for component null
2024-11-04 16:32:46,736 [WARN] ModelIntegratedComponent:63 - No mode defined for component null
2024-11-04 16:32:46,736 [WARN] ModelIntegratedComponent:63 - No mode defined for component null
2024-11-04 16:32:46,736 [WARN] ModelIntegratedComponent:63 - No mode defined for component null
2024-11-04 16:32:46,736 [WARN] ModelIntegratedComponent:63 - No mode defined for component null
2024-11-04 16:32:46,736 [WARN] ModelIntegratedComponent:63 - No mode defined for component null
2024-11-04 16:32:46,736 [WARN] ModelIntegratedComponent:63 - No mode defined for component null
2024-11-04 16:32:46,737 [WARN] ModelIntegratedComponent:63 - No mode defined for component null
2024-11-04 16:32:46,737 [WARN] ModelIntegratedComponent:63 - No mode defined for component null
2024-11-04 16:32:46,737 [WARN] ModelIntegratedComponent:63 - No mode defined for component null
2024-11-04 16:32:46,737 [WARN] ModelIntegratedComponent:63 - No mode defined for component null
2024-11-04 16:32:46,737 [WARN] ModelIntegratedComponent:63 - No mode defined for component null
2024-11-04 16:32:46,737 [WARN] ModelIntegratedComponent:63 - No mode defined for component null
2024-11-04 16:32:46,737 [WARN] ModelIntegratedComponent:63 - No mode defined for component null
2024-11-04 16:32:46,737 [WARN] ModelIntegratedComponent:63 - No mode defined for component null
2024-11-04 16:32:46,737 [WARN] ModelIntegratedComponent:63 - No mode defined for component null
2024-11-04 16:32:46,737 [WARN] ModelIntegratedComponent:63 - No mode defined for component null
2024-11-04 16:32:46,737 [WARN] ModelIntegratedComponent:63 - No mode defined for component null
2024-11-04 16:32:46,737 [WARN] ModelIntegratedComponent:63 - No mode defined for component null
2024-11-04 16:32:46,737 [WARN] ModelIntegratedComponent:63 - No mode defined for component null
2024-11-04 16:32:46,737 [WARN] ModelIntegratedComponent:63 - No mode defined for component null
2024-11-04 16:32:46,738 [WARN] ModelIntegratedComponent:63 - No mode defined for component null
2024-11-04 16:32:46,738 [WARN] ModelIntegratedComponent:63 - No mode defined for component null
2024-11-04 16:32:46,738 [WARN] ModelIntegratedComponent:63 - No mode defined for component null
2024-11-04 16:32:46,738 [WARN] ModelPack:524 - Component already loaded: STMicroelectronics:HAL Drivers:0.0.0:STMicroelectronics:Device:STMicro_Driver:XSPI:HAL::0.0.1:HAL_XSPI
2024-11-04 16:32:46,837 [INFO] ThirdPartyModel:298 - Start build external matchings
2024-11-04 16:32:47,667 [INFO] ThirdPartyModel:316 - End build external matchings
2024-11-04 16:32:47,693 [INFO] ImportTextPane:205 - (OptionalMessage_ERROR) IP (DMA) : Parameter (Instance) has Id (TIM1_CH1) currently not set
2024-11-04 16:32:47,693 [INFO] ImportTextPane:205 - (OptionalMessage_ERROR) IP (DMA) : Parameter (Channel) has Id (TIM1_CH1) currently not set
2024-11-04 16:32:47,693 [INFO] ImportTextPane:205 - (OptionalMessage_ERROR) IP (DMA) : Parameter (Direction) has Id (TIM1_CH1) currently not set
2024-11-04 16:32:47,693 [INFO] ImportTextPane:205 - (OptionalMessage_ERROR) IP (DMA) : Parameter (PeriphInc) has Id (TIM1_CH1) currently not set
2024-11-04 16:32:47,693 [INFO] ImportTextPane:205 - (OptionalMessage_ERROR) IP (DMA) : Parameter (MemInc) has Id (TIM1_CH1) currently not set
2024-11-04 16:32:47,694 [INFO] ImportTextPane:205 - (OptionalMessage_ERROR) IP (DMA) : Parameter (PeriphDataAlignment) has Id (TIM1_CH1) currently not set
2024-11-04 16:32:47,694 [INFO] ImportTextPane:205 - (OptionalMessage_ERROR) IP (DMA) : Parameter (MemDataAlignment) has Id (TIM1_CH1) currently not set
2024-11-04 16:32:47,694 [INFO] ImportTextPane:205 - (OptionalMessage_ERROR) IP (DMA) : Parameter (Mode) has Id (TIM1_CH1) currently not set
2024-11-04 16:32:47,694 [INFO] ImportTextPane:205 - (OptionalMessage_ERROR) IP (DMA) : Parameter (Priority) has Id (TIM1_CH1) currently not set
2024-11-04 16:32:47,694 [INFO] ImportTextPane:205 - (OptionalMessage_ERROR) IP (DMA) : Parameter (FIFOMode) has Id (TIM1_CH1) currently not set
2024-11-04 16:32:47,695 [INFO] ImportTextPane:205 - (OptionalMessage_ERROR) IP (RCC) : Invalid parameter (48MHZClocksFreq_Value)
2024-11-04 16:32:47,695 [INFO] ImportTextPane:205 - (OptionalMessage_ERROR) IP (RCC) : Invalid parameter (EthernetFreq_Value)
2024-11-04 16:32:47,696 [INFO] ImportTextPane:205 - (OptionalMessage_ERROR) IP (RCC) : Parameter (FLatency) has Id (AdvancedSettings) currently not set
2024-11-04 16:32:47,696 [INFO] ImportTextPane:205 - (OptionalMessage_ERROR) IP (RCC) : Invalid parameter (FamilyName)
2024-11-04 16:32:47,697 [INFO] ImportTextPane:205 - (OptionalMessage_ERROR) IP (RCC) : Invalid parameter (I2SClocksFreq_Value)
2024-11-04 16:32:47,697 [INFO] ImportTextPane:205 - (OptionalMessage_ERROR) IP (RCC) : Parameter (MCO2PinFreq_Value) has invalid value (180000000)
2024-11-04 16:32:47,697 [INFO] ImportTextPane:205 - (OptionalMessage_ERROR) IP (RCC) : Parameter (SDIOFreq_Value) has invalid value (180000000)
2024-11-04 16:32:47,698 [INFO] ImportTextPane:205 - (OptionalMessage_ERROR) IP (RCC) : Parameter (USBFreq_Value) has invalid value (180000000)
2024-11-04 16:32:47,698 [INFO] ImportTextPane:205 - (OptionalMessage_ERROR) IP (RCC) : Invalid parameter (VCOInputMFreq_Value)
2024-11-04 16:32:47,698 [INFO] ImportTextPane:205 - (OptionalMessage_ERROR) IP (RCC) : Invalid parameter (VcooutputI2S)
2024-11-04 16:32:48,101 [INFO] UtilMem:75 - End LoadConfig() Used Memory: 289279320 Bytes (570425344)
2024-11-04 16:32:48,427 [WARN] ThirdParty:833 - waiting for thirdparty lock release [change project]
2024-11-04 16:32:48,427 [INFO] ThirdParty:835 - entering critical section [change project]
2024-11-04 16:32:48,427 [INFO] ThirdParty:1030 - CMSIS Pack Vendor :STMicroelectronics USBPD 4.1
2024-11-04 16:32:48,427 [INFO] ThirdParty:1030 - CMSIS Pack Vendor :STMicroelectronics X-CUBE-AZRTOS-H7 3.3.0
2024-11-04 16:32:48,427 [INFO] ThirdParty:1030 - CMSIS Pack Vendor :STMicroelectronics X-CUBE-NFC9 1.0.0
2024-11-04 16:32:48,427 [INFO] ThirdParty:1030 - CMSIS Pack Vendor :STMicroelectronics X-CUBE-GNSS1 6.0.0
2024-11-04 16:32:48,427 [INFO] ThirdParty:1030 - CMSIS Pack Vendor :STMicroelectronics USB_HOST 2.0.0
2024-11-04 16:32:48,427 [INFO] ThirdParty:1030 - CMSIS Pack Vendor :STMicroelectronics FP-SNS-MOTENVWB1 1.4.0
2024-11-04 16:32:48,427 [INFO] ThirdParty:1030 - CMSIS Pack Vendor :STMicroelectronics X-CUBE-AZRTOS-F4 1.1.0
2024-11-04 16:32:48,427 [INFO] ThirdParty:1030 - CMSIS Pack Vendor :STMicroelectronics LIBJPEG 8.0.0
2024-11-04 16:32:48,427 [INFO] ThirdParty:1030 - CMSIS Pack Vendor :STMicroelectronics X-CUBE-SMBUS 2.1.0
2024-11-04 16:32:48,427 [INFO] ThirdParty:1030 - CMSIS Pack Vendor :STMicroelectronics X-CUBE-WB05N 1.1.0
2024-11-04 16:32:48,427 [INFO] ThirdParty:1030 - CMSIS Pack Vendor :STMicroelectronics USB_DEVICE 3.0.0
2024-11-04 16:32:48,427 [INFO] ThirdParty:1030 - CMSIS Pack Vendor :STMicroelectronics X-CUBE-TCPP 4.1.0
2024-11-04 16:32:48,427 [INFO] ThirdParty:1030 - CMSIS Pack Vendor :STMicroelectronics X-CUBE-ISPU 2.1.0
2024-11-04 16:32:48,427 [INFO] ThirdParty:1030 - CMSIS Pack Vendor :STMicroelectronics X-CUBE-FREERTOS 1.2.0
2024-11-04 16:32:48,428 [INFO] ThirdParty:1030 - CMSIS Pack Vendor :STMicroelectronics X-CUBE-IPS 3.0.0
2024-11-04 16:32:48,428 [INFO] ThirdParty:1030 - CMSIS Pack Vendor :STMicroelectronics X-CUBE-AZRTOS-WB 2.0.0
2024-11-04 16:32:48,428 [INFO] ThirdParty:1030 - CMSIS Pack Vendor :wolfSSL I-CUBE-wolfSSL 5.6.6
2024-11-04 16:32:48,428 [INFO] ThirdParty:1030 - CMSIS Pack Vendor :STMicroelectronics X-CUBE-GNSS1 7.0.0
2024-11-04 16:32:48,428 [INFO] ThirdParty:1030 - CMSIS Pack Vendor :STMicroelectronics X-CUBE-TOUCHGFX 4.23.0
2024-11-04 16:32:48,428 [INFO] ThirdParty:1030 - CMSIS Pack Vendor :STMicroelectronics X-CUBE-TOUCHGFX 4.23.2
2024-11-04 16:32:48,428 [INFO] ThirdParty:1030 - CMSIS Pack Vendor :STMicroelectronics X-CUBE-AZRTOS-F7 1.1.0
2024-11-04 16:32:48,428 [INFO] ThirdParty:1030 - CMSIS Pack Vendor :STMicroelectronics X-CUBE-AZRTOS-L5 2.0.0
2024-11-04 16:32:48,428 [INFO] ThirdParty:1030 - CMSIS Pack Vendor :STMicroelectronics USB_DEVICE 2.0.0
2024-11-04 16:32:48,428 [INFO] ThirdParty:1030 - CMSIS Pack Vendor :STMicroelectronics X-CUBE-NFC6 3.1.0
2024-11-04 16:32:48,428 [INFO] ThirdParty:1030 - CMSIS Pack Vendor :ITTIA_DB I-CUBE-ITTIADB 8.8.0
2024-11-04 16:32:48,428 [INFO] ThirdParty:1030 - CMSIS Pack Vendor :STMicroelectronics FP-SNS-STBOX1 2.0.0
2024-11-04 16:32:48,428 [INFO] ThirdParty:1030 - CMSIS Pack Vendor :STMicroelectronics FP-SNS-MOTENV1 4.3.2
2024-11-04 16:32:48,428 [INFO] ThirdParty:1030 - CMSIS Pack Vendor :STMicroelectronics X-CUBE-ALGOBUILD 1.3.0
2024-11-04 16:32:48,428 [INFO] ThirdParty:1030 - CMSIS Pack Vendor :STMicroelectronics X-CUBE-MEMS1 11.0.0
2024-11-04 16:32:48,429 [INFO] ThirdParty:1030 - CMSIS Pack Vendor :STMicroelectronics FreeRTOS 0.0.1
2024-11-04 16:32:48,429 [INFO] ThirdParty:1030 - CMSIS Pack Vendor :STMicroelectronics X-CUBE-AZRTOS-G0 1.1.0
2024-11-04 16:32:48,429 [INFO] ThirdParty:1030 - CMSIS Pack Vendor :STMicroelectronics X-CUBE-SAFEA1 1.2.2
2024-11-04 16:32:48,429 [INFO] ThirdParty:1030 - CMSIS Pack Vendor :STMicroelectronics X-CUBE-NFC4 3.0.0
2024-11-04 16:32:48,429 [INFO] ThirdParty:1030 - CMSIS Pack Vendor :STMicroelectronics X-CUBE-DPower 1.2.0
2024-11-04 16:32:48,429 [INFO] ThirdParty:1030 - CMSIS Pack Vendor :STMicroelectronics X-CUBE-SUBG2 5.0.0
2024-11-04 16:32:48,429 [INFO] ThirdParty:1030 - CMSIS Pack Vendor :STMicroelectronics STM32_WPAN 1.0.0
2024-11-04 16:32:48,429 [INFO] ThirdParty:1030 - CMSIS Pack Vendor :EmbeddedOffice I-CUBE-FS-RTOS 1.0.1
2024-11-04 16:32:48,429 [INFO] ThirdParty:1030 - CMSIS Pack Vendor :STMicroelectronics lwIP 2.0.3
2024-11-04 16:32:48,429 [INFO] ThirdParty:1030 - CMSIS Pack Vendor :STMicroelectronics FP-SNS-FLIGHT1 5.0.2
2024-11-04 16:32:48,429 [INFO] ThirdParty:1030 - CMSIS Pack Vendor :STMicroelectronics USB_HOST 1.0.0
2024-11-04 16:32:48,429 [INFO] ThirdParty:1030 - CMSIS Pack Vendor :STMicroelectronics X-CUBE-AI 9.0.0
2024-11-04 16:32:48,429 [INFO] ThirdParty:1030 - CMSIS Pack Vendor :STMicroelectronics X-CUBE-AZRTOS-G4 2.0.0
2024-11-04 16:32:48,429 [INFO] ThirdParty:1030 - CMSIS Pack Vendor :STMicroelectronics PDM2PCM 3.1.0
2024-11-04 16:32:48,429 [INFO] ThirdParty:1030 - CMSIS Pack Vendor :Infineon AIROC-Wi-Fi-Bluetooth-STM32 1.5.1
2024-11-04 16:32:48,430 [INFO] ThirdParty:1030 - CMSIS Pack Vendor :STMicroelectronics PDM2PCM 3.3.0
2024-11-04 16:32:48,430 [INFO] ThirdParty:1030 - CMSIS Pack Vendor :STMicroelectronics X-CUBE-DISPLAY 3.0.0
2024-11-04 16:32:48,430 [INFO] ThirdParty:1030 - CMSIS Pack Vendor :RealThread X-CUBE-RT-Thread_Nano 4.1.1
2024-11-04 16:32:48,430 [INFO] ThirdParty:1030 - CMSIS Pack Vendor :STMicroelectronics FP-SNS-MOTENVWB1 1.3.1
2024-11-04 16:32:48,430 [INFO] ThirdParty:1030 - CMSIS Pack Vendor :STMicroelectronics X-CUBE-BLE1 7.0.0
2024-11-04 16:32:48,430 [INFO] ThirdParty:1030 - CMSIS Pack Vendor :STMicroelectronics FP-ATR-SIGFOX1 3.2.0
2024-11-04 16:32:48,430 [INFO] ThirdParty:1030 - CMSIS Pack Vendor :STMicroelectronics X-CUBE-NFC10 1.0.0
2024-11-04 16:32:48,430 [INFO] ThirdParty:1030 - CMSIS Pack Vendor :STMicroelectronics X-CUBE-ISPU 2.0.0
2024-11-04 16:32:48,430 [INFO] ThirdParty:1030 - CMSIS Pack Vendor :STMicroelectronics X-CUBE-EEPRMA1 5.1.0
2024-11-04 16:32:48,430 [INFO] ThirdParty:1030 - CMSIS Pack Vendor :STMicroelectronics HAL Drivers 0.0.0
2024-11-04 16:32:48,430 [INFO] ThirdParty:1030 - CMSIS Pack Vendor :STMicroelectronics MBEDTLS 2.16.2
2024-11-04 16:32:48,430 [INFO] ThirdParty:1030 - CMSIS Pack Vendor :STMicroelectronics X-CUBE-ALS 1.0.2
2024-11-04 16:32:48,431 [INFO] ThirdParty:1030 - CMSIS Pack Vendor :emotas I-CUBE-CANOPEN 1.3.0
2024-11-04 16:32:48,431 [INFO] ThirdParty:1030 - CMSIS Pack Vendor :STMicroelectronics X-CUBE-MEMS1 10.0.0
2024-11-04 16:32:48,431 [INFO] ThirdParty:1030 - CMSIS Pack Vendor :STMicroelectronics X-CUBE-FREERTOS 1.1.0
2024-11-04 16:32:48,431 [INFO] ThirdParty:1030 - CMSIS Pack Vendor :STMicroelectronics X-CUBE-NFC7 1.0.1
2024-11-04 16:32:48,431 [INFO] ThirdParty:1030 - CMSIS Pack Vendor :STMicroelectronics MBEDTLS 2.14.1
2024-11-04 16:32:48,431 [INFO] ThirdParty:1030 - CMSIS Pack Vendor :STMicroelectronics X-CUBE-TOUCHGFX 4.24.0
2024-11-04 16:32:48,431 [INFO] ThirdParty:1030 - CMSIS Pack Vendor :wolfSSL I-CUBE-wolfTPM 3.2.0
2024-11-04 16:32:48,431 [INFO] ThirdParty:1030 - CMSIS Pack Vendor :STMicroelectronics X-CUBE-TOUCHGFX 4.24.1
2024-11-04 16:32:48,431 [INFO] ThirdParty:1030 - CMSIS Pack Vendor :STMicroelectronics X-CUBE-NFC6 3.0.0
2024-11-04 16:32:48,431 [INFO] ThirdParty:1030 - CMSIS Pack Vendor :portGmbH I-Cube-SoM-uGOAL 1.1.0
2024-11-04 16:32:48,431 [INFO] ThirdParty:1030 - CMSIS Pack Vendor :STMicroelectronics X-CUBE-ALS 1.0.1
2024-11-04 16:32:48,431 [INFO] ThirdParty:1030 - CMSIS Pack Vendor :STMicroelectronics X-CUBE-BLEMGR 3.1.0
2024-11-04 16:32:48,431 [INFO] ThirdParty:1030 - CMSIS Pack Vendor :STMicroelectronics ThreadX 1.0.0
2024-11-04 16:32:48,431 [INFO] ThirdParty:1030 - CMSIS Pack Vendor :STMicroelectronics FP-SNS-SMARTAG2 1.2.0
2024-11-04 16:32:48,431 [INFO] ThirdParty:1030 - CMSIS Pack Vendor :STMicroelectronics X-CUBE-AZRTOS-WL 2.0.0
2024-11-04 16:32:48,431 [INFO] ThirdParty:1030 - CMSIS Pack Vendor :SEGGER I-CUBE-embOS 1.3.1
2024-11-04 16:32:48,431 [INFO] ThirdParty:1030 - CMSIS Pack Vendor :STMicroelectronics X-CUBE-ALGOBUILD 1.4.0
2024-11-04 16:32:48,431 [INFO] ThirdParty:1030 - CMSIS Pack Vendor :STMicroelectronics FP-SNS-MOTENV1 5.0.0
2024-11-04 16:32:48,431 [INFO] ThirdParty:1030 - CMSIS Pack Vendor :STMicroelectronics USB_DEVICE 1.0.0
2024-11-04 16:32:48,432 [INFO] ThirdParty:1030 - CMSIS Pack Vendor :STMicroelectronics X-CUBE-AI 8.1.0
2024-11-04 16:32:48,432 [INFO] ThirdParty:1030 - CMSIS Pack Vendor :STMicroelectronics X-CUBE-AZRTOS-H7RS 1.0.0
2024-11-04 16:32:48,432 [INFO] ThirdParty:1030 - CMSIS Pack Vendor :wolfSSL I-CUBE-wolfMQTT 1.19.0
2024-11-04 16:32:48,432 [INFO] ThirdParty:1030 - CMSIS Pack Vendor :STMicroelectronics X-CUBE-AZRTOS-L4 2.0.0
2024-11-04 16:32:48,432 [INFO] ThirdParty:1030 - CMSIS Pack Vendor :STMicroelectronics ThreadX 0.0.2
2024-11-04 16:32:48,432 [INFO] ThirdParty:1030 - CMSIS Pack Vendor :WES I-CUBE-Cesium 1.3.0
2024-11-04 16:32:48,432 [INFO] ThirdParty:1030 - CMSIS Pack Vendor :STMicroelectronics FP-ATR-ASTRA1 2.0.0
2024-11-04 16:32:48,432 [INFO] ThirdParty:1030 - CMSIS Pack Vendor :STMicroelectronics lwIP 2.1.2
2024-11-04 16:32:48,432 [INFO] ThirdParty:1030 - CMSIS Pack Vendor :STMicroelectronics X-CUBE-SFXS2LP1 4.0.0
2024-11-04 16:32:48,432 [INFO] ThirdParty:1030 - CMSIS Pack Vendor :STMicroelectronics X-CUBE-BLE2 3.3.0
2024-11-04 16:32:48,432 [INFO] ThirdParty:1030 - CMSIS Pack Vendor :STMicroelectronics X-CUBE-TOF1 3.4.2
2024-11-04 16:32:48,432 [INFO] ThirdParty:1030 - CMSIS Pack Vendor :STMicroelectronics X-CUBE-AI 9.1.0
2024-11-04 16:32:48,432 [INFO] ThirdParty:1030 - CMSIS Pack Vendor :STMicroelectronics X-CUBE-TOF1 3.4.1
2024-11-04 16:32:48,432 [INFO] ThirdParty:1030 - CMSIS Pack Vendor :STMicroelectronics X-CUBE-AZRTOS-H7 3.2.0
2024-11-04 16:32:48,432 [INFO] ThirdParty:1030 - CMSIS Pack Vendor :STMicroelectronics PDM2PCM 3.2.0
2024-11-04 16:32:48,432 [INFO] ThirdParty:1030 - CMSIS Pack Vendor :wolfSSL I-CUBE-wolfSSH 1.4.17
2024-11-04 16:32:48,433 [INFO] ThirdParty:841 - exiting critical section [change project]
2024-11-04 16:32:48,780 [INFO] PinOutPanel:1561 - setPackage(No Configuration,No Configuration)
2024-11-04 16:32:48,781 [INFO] PinOutPanel:1561 - setPackage(STM32F446RETx,LQFP64)
2024-11-04 16:32:49,217 [INFO] UtilMem:75 - Before build in PCC Used Memory: 219354888 Bytes (570425344)
2024-11-04 16:32:49,553 [INFO] UtilMem:75 - After build in PCC Used Memory: 268815328 Bytes (570425344)
2024-11-04 16:32:49,591 [INFO] IPUIPlugin:80 - create IPUIPlugin
2024-11-04 16:32:49,591 [INFO] IPUIPlugin:80 - create IPUIPlugin
2024-11-04 16:32:49,591 [INFO] IPUIPlugin:80 - create IPUIPlugin
2024-11-04 16:32:49,591 [INFO] IPUIPlugin:80 - create IPUIPlugin
2024-11-04 16:32:49,592 [INFO] IPUIPlugin:80 - create IPUIPlugin
2024-11-04 16:32:49,592 [INFO] IPUIPlugin:80 - create IPUIPlugin
2024-11-04 16:32:49,592 [INFO] IPUIPlugin:80 - create IPUIPlugin
2024-11-04 16:32:49,592 [INFO] IPUIPlugin:80 - create IPUIPlugin
2024-11-04 16:32:49,592 [INFO] IPUIPlugin:80 - create IPUIPlugin
2024-11-04 16:32:49,593 [INFO] IPUIPlugin:80 - create IPUIPlugin
2024-11-04 16:32:49,593 [INFO] IPUIPlugin:80 - create IPUIPlugin
2024-11-04 16:32:49,593 [INFO] IPUIPlugin:80 - create IPUIPlugin
2024-11-04 16:32:49,593 [INFO] IPUIPlugin:80 - create IPUIPlugin
2024-11-04 16:32:49,593 [INFO] IPUIPlugin:80 - create IPUIPlugin
2024-11-04 16:32:49,594 [INFO] IPUIPlugin:80 - create IPUIPlugin
2024-11-04 16:32:49,595 [INFO] IPUIPlugin:80 - create IPUIPlugin
2024-11-04 16:32:49,595 [INFO] IPUIPlugin:80 - create IPUIPlugin
2024-11-04 16:32:49,595 [INFO] IPUIPlugin:80 - create IPUIPlugin
2024-11-04 16:32:49,595 [INFO] IPUIPlugin:80 - create IPUIPlugin
2024-11-04 16:32:49,595 [INFO] IPUIPlugin:80 - create IPUIPlugin
2024-11-04 16:32:49,595 [INFO] IPUIPlugin:80 - create IPUIPlugin
2024-11-04 16:32:49,595 [INFO] IPUIPlugin:80 - create IPUIPlugin
2024-11-04 16:32:49,595 [INFO] IPUIPlugin:80 - create IPUIPlugin
2024-11-04 16:32:49,595 [INFO] IPUIPlugin:80 - create IPUIPlugin
2024-11-04 16:32:49,595 [INFO] IPUIPlugin:80 - create IPUIPlugin
2024-11-04 16:32:49,596 [INFO] IPUIPlugin:80 - create IPUIPlugin
2024-11-04 16:32:49,596 [INFO] IPUIPlugin:80 - create IPUIPlugin
2024-11-04 16:32:49,596 [INFO] IPUIPlugin:80 - create IPUIPlugin
2024-11-04 16:32:49,596 [INFO] IPUIPlugin:80 - create IPUIPlugin
2024-11-04 16:32:49,597 [INFO] IPUIPlugin:80 - create IPUIPlugin
2024-11-04 16:32:49,597 [INFO] IPUIPlugin:80 - create IPUIPlugin
2024-11-04 16:32:49,597 [INFO] IPUIPlugin:80 - create IPUIPlugin
2024-11-04 16:32:49,597 [INFO] IPUIPlugin:80 - create IPUIPlugin
2024-11-04 16:32:49,597 [INFO] IPUIPlugin:80 - create IPUIPlugin
2024-11-04 16:32:49,598 [INFO] IPUIPlugin:80 - create IPUIPlugin
2024-11-04 16:32:49,598 [INFO] IPUIPlugin:80 - create IPUIPlugin
2024-11-04 16:32:49,598 [INFO] IPUIPlugin:80 - create IPUIPlugin
2024-11-04 16:32:49,598 [INFO] IPUIPlugin:80 - create IPUIPlugin
2024-11-04 16:32:49,599 [INFO] IPUIPlugin:80 - create IPUIPlugin
2024-11-04 16:32:49,599 [INFO] IPUIPlugin:80 - create IPUIPlugin
2024-11-04 16:32:49,599 [INFO] IPUIPlugin:80 - create IPUIPlugin
2024-11-04 16:32:49,599 [INFO] IPUIPlugin:80 - create IPUIPlugin
2024-11-04 16:32:49,600 [INFO] IPUIPlugin:80 - create IPUIPlugin
2024-11-04 16:32:49,600 [INFO] IPUIPlugin:80 - create IPUIPlugin
2024-11-04 16:32:49,600 [INFO] IPUIPlugin:80 - create IPUIPlugin
2024-11-04 16:32:49,600 [INFO] IPUIPlugin:80 - create IPUIPlugin
2024-11-04 16:32:49,601 [INFO] IPUIPlugin:80 - create IPUIPlugin
2024-11-04 16:32:49,601 [INFO] IPUIPlugin:80 - create IPUIPlugin
2024-11-04 16:32:49,601 [INFO] IPUIPlugin:80 - create IPUIPlugin
2024-11-04 16:32:49,602 [INFO] IPUIPlugin:80 - create IPUIPlugin
2024-11-04 16:32:49,602 [INFO] IPUIPlugin:80 - create IPUIPlugin
2024-11-04 16:32:49,602 [INFO] IPUIPlugin:80 - create IPUIPlugin
2024-11-04 16:32:49,603 [INFO] IPUIPlugin:80 - create IPUIPlugin
2024-11-04 16:32:49,603 [INFO] IPUIPlugin:80 - create IPUIPlugin
2024-11-04 16:32:49,603 [INFO] IPUIPlugin:80 - create IPUIPlugin
2024-11-04 16:32:49,604 [INFO] IPUIPlugin:80 - create IPUIPlugin
2024-11-04 16:32:49,605 [INFO] IPUIPlugin:80 - create IPUIPlugin
2024-11-04 16:32:49,606 [INFO] IPUIPlugin:80 - create IPUIPlugin
2024-11-04 16:32:49,607 [INFO] IPUIPlugin:80 - create IPUIPlugin
2024-11-04 16:32:49,608 [INFO] IPUIPlugin:80 - create IPUIPlugin
2024-11-04 16:32:49,664 [INFO] ApiDbMcu:508 - Load IP Config File for PDM2PCM
2024-11-04 16:32:49,667 [WARN] IP:2191 - I2C_Coeff_DF not found: check if there is a RefParameter without a condition.
2024-11-04 16:32:49,667 [WARN] IP:2191 - Analog_Filter not found: check if there is a RefParameter without a condition.
2024-11-04 16:32:49,757 [INFO] CADModel:165 - CPN selected for project levelSTM32F446RET6
2024-11-04 16:32:49,758 [INFO] CADModel:114 - Register for checkConnection events
2024-11-04 16:32:49,827 [INFO] OpenFileManager:363 - Restore cursor
2024-11-04 16:32:50,159 [WARN] IP:2191 - I2C_Coeff_DF not found: check if there is a RefParameter without a condition.
2024-11-04 16:32:50,160 [WARN] IP:2191 - Analog_Filter not found: check if there is a RefParameter without a condition.
2024-11-04 16:32:50,160 [WARN] IP:2191 - I2C_Coeff_DF not found: check if there is a RefParameter without a condition.
2024-11-04 16:32:50,161 [WARN] IP:2191 - Analog_Filter not found: check if there is a RefParameter without a condition.
2024-11-04 17:09:55,022 [INFO] MainUpdater:2873 - connection check result : 10
2024-11-04 17:09:55,022 [INFO] MainUpdater:2873 - connection check result : 10
2024-11-04 17:09:55,125 [INFO] MicroXplorer:468 - Change Database Path : 
2024-11-04 17:09:55,126 [INFO] MicroXplorer:498 - Change Database Version : DB.6.0.121
2024-11-04 17:09:55,144 [ERROR] ProjectManagerView:394 - 
java.lang.NullPointerException: Cannot invoke "javax.swing.JTextField.getText()" because the return value of "java.util.List.get(int)" is null
	at com.st.microxplorer.plugins.projectmanager.gui.ProjectChoiceTab$10.caretUpdate(ProjectChoiceTab.java:2622) ~[filemanager.jar:?]
	at javax.swing.text.JTextComponent.fireCaretUpdate(JTextComponent.java:412) ~[?:?]
	at javax.swing.text.JTextComponent$MutableCaretEvent.fire(JTextComponent.java:4491) ~[?:?]
	at javax.swing.text.JTextComponent$MutableCaretEvent.stateChanged(JTextComponent.java:4513) ~[?:?]
	at javax.swing.text.DefaultCaret.fireStateChanged(DefaultCaret.java:842) ~[?:?]
	at javax.swing.text.DefaultCaret.changeCaretPosition(DefaultCaret.java:1313) ~[?:?]
	at javax.swing.text.DefaultCaret.handleSetDot(DefaultCaret.java:1212) ~[?:?]
	at javax.swing.text.DefaultCaret.setDot(DefaultCaret.java:1193) ~[?:?]
	at javax.swing.text.DefaultCaret$Handler.insertUpdate(DefaultCaret.java:1789) ~[?:?]
	at javax.swing.text.AbstractDocument.fireInsertUpdate(AbstractDocument.java:226) ~[?:?]
	at javax.swing.text.AbstractDocument.handleInsertString(AbstractDocument.java:780) ~[?:?]
	at javax.swing.text.AbstractDocument.insertString(AbstractDocument.java:739) ~[?:?]
	at javax.swing.text.PlainDocument.insertString(PlainDocument.java:131) ~[?:?]
	at javax.swing.text.AbstractDocument.replace(AbstractDocument.java:698) ~[?:?]
	at javax.swing.text.JTextComponent.setText(JTextComponent.java:1729) ~[?:?]
	at com.st.microxplorer.plugins.projectmanager.gui.ProjectChoiceTab.createHeapStackFields(ProjectChoiceTab.java:972) ~[filemanager.jar:?]
	at com.st.microxplorer.plugins.projectmanager.gui.ProjectChoiceTab.buildLinkSettingsPanel(ProjectChoiceTab.java:3597) ~[filemanager.jar:?]
	at com.st.microxplorer.plugins.projectmanager.gui.ProjectChoiceTab.defineWindowsFields(ProjectChoiceTab.java:1940) ~[filemanager.jar:?]
	at com.st.microxplorer.plugins.projectmanager.gui.ProjectChoiceTab.updateSettings(ProjectChoiceTab.java:550) ~[filemanager.jar:?]
	at com.st.microxplorer.plugins.projectmanager.gui.ProjectSettingsPanel.UpdateDialog(ProjectSettingsPanel.java:245) ~[filemanager.jar:?]
	at com.st.microxplorer.plugins.projectmanager.ProjectManagerView.propertyChange(ProjectManagerView.java:391) ~[filemanager.jar:?]
	at java.beans.PropertyChangeSupport.fire(PropertyChangeSupport.java:343) ~[?:?]
	at java.beans.PropertyChangeSupport.firePropertyChange(PropertyChangeSupport.java:335) ~[?:?]
	at java.beans.PropertyChangeSupport.firePropertyChange(PropertyChangeSupport.java:268) ~[?:?]
	at com.st.microxplorer.util.MXPropertyChangeSupport.firePropertyChange(MXPropertyChangeSupport.java:54) ~[STM32CubeMX.jar:?]
	at com.st.microxplorer.mxsystem.MxSystem.closeConfig(MxSystem.java:900) ~[STM32CubeMX.jar:?]
	at com.st.microxplorer.maingui.MainPanel.closeConfig(MainPanel.java:781) ~[STM32CubeMX.jar:?]
	at com.st.microxplorer.plugins.filemanager.engine.OpenFileManager.loadConfigurationFile(OpenFileManager.java:265) ~[filemanager.jar:?]
	at com.st.microxplorer.plugins.filemanager.engine.MainFileManager.userLoadConfig(MainFileManager.java:352) ~[filemanager.jar:?]
	at com.st.microxplorer.plugins.filemanager.engine.MainFileManager.userLoadConfig(MainFileManager.java:330) ~[filemanager.jar:?]
	at com.st.microxplorer.plugins.filemanager.FileManagerView.getSpecificTask(FileManagerView.java:246) ~[filemanager.jar:?]
	at com.st.stm32cube.common.mx.editor.CubeMxEditor.getMxTabbedPaneInstance(CubeMxEditor.java:1198) ~[com.st.stm32cube.common.mx_6.12.1.202409122256/:?]
	at com.st.stm32cube.common.mx.editor.CubeMxEditor$12$1.createSwingComponent(CubeMxEditor.java:1068) ~[com.st.stm32cube.common.mx_6.12.1.202409122256/:?]
	at com.st.stm32cube.common.mx.oss.core.awtswtbridge.EmbeddedSwingComposite.doComponentCreation(EmbeddedSwingComposite.java:492) ~[com.st.stm32cube.common.mx.oss_6.12.1.202409122256/:?]
	at com.st.stm32cube.common.mx.oss.core.awtswtbridge.EmbeddedSwingComposite$4.run(EmbeddedSwingComposite.java:291) ~[com.st.stm32cube.common.mx.oss_6.12.1.202409122256/:?]
	at com.st.stm32cube.common.mx.oss.core.awtswtbridge.AwtEnvironment$2.run(AwtEnvironment.java:166) ~[com.st.stm32cube.common.mx.oss_6.12.1.202409122256/:?]
	at java.awt.event.InvocationEvent.dispatch(InvocationEvent.java:318) ~[?:?]
	at java.awt.EventQueue.dispatchEventImpl(EventQueue.java:773) ~[?:?]
	at java.awt.EventQueue$4.run(EventQueue.java:720) ~[?:?]
	at java.awt.EventQueue$4.run(EventQueue.java:714) ~[?:?]
	at java.security.AccessController.doPrivileged(AccessController.java:399) ~[?:?]
	at java.security.ProtectionDomain$JavaSecurityAccessImpl.doIntersectionPrivilege(ProtectionDomain.java:86) ~[?:?]
	at java.awt.EventQueue.dispatchEvent(EventQueue.java:742) ~[?:?]
	at java.awt.EventDispatchThread.pumpOneEventForFilters(EventDispatchThread.java:203) ~[?:?]
	at java.awt.EventDispatchThread.pumpEventsForFilter(EventDispatchThread.java:124) ~[?:?]
	at java.awt.EventDispatchThread.pumpEventsForHierarchy(EventDispatchThread.java:113) ~[?:?]
	at java.awt.EventDispatchThread.pumpEvents(EventDispatchThread.java:109) ~[?:?]
	at java.awt.EventDispatchThread.pumpEvents(EventDispatchThread.java:101) ~[?:?]
	at java.awt.EventDispatchThread.run(EventDispatchThread.java:90) ~[?:?]
2024-11-04 17:09:55,146 [WARN] ThirdParty:871 - waiting for thirdparty lock release [close project]
2024-11-04 17:09:55,146 [INFO] ThirdParty:873 - entering critical section [close project]
2024-11-04 17:09:55,146 [INFO] ThirdParty:883 - exiting critical section [close project]
2024-11-04 17:09:55,148 [INFO] PinOutPanel:1561 - setPackage(No Configuration,No Configuration)
2024-11-04 17:09:55,188 [WARN] IpParametersView:151 - Warning: This peripheral hasn't parameters
2024-11-04 17:09:55,212 [WARN] MainPanel:284 - <html><b><center>Warning: This peripheral has no parameters to be configured<br></b></html>
2024-11-04 17:09:55,223 [INFO] UtilMem:75 - Begin LoadConfig() Used Memory: 484143944 Bytes (849346560)
2024-11-04 17:09:55,224 [INFO] MicroXplorer:468 - Change Database Path : 
2024-11-04 17:09:55,224 [INFO] MicroXplorer:498 - Change Database Version : DB.6.0.121
2024-11-04 17:09:55,224 [INFO] OpenFileManager:332 - Change cursor
2024-11-04 17:09:55,237 [INFO] Mcu:2032 - Initializing MCU STM32F103R(8-B)Tx STM32F103RBTx STM32F103RBT6
2024-11-04 17:09:55,933 [INFO] Context:742 - Trying to add GPIOservice into a context  which must be forbidden
2024-11-04 17:09:56,154 [INFO] RtosManager:555 - Registered RTOS mode: class=CMSIS, group=RTOS, mode=CMSIS_V1, owner=FREERTOS
2024-11-04 17:09:56,154 [INFO] RtosManager:555 - Registered RTOS mode: class=CMSIS, group=RTOS2, mode=CMSIS_V2, owner=FREERTOS
2024-11-04 17:09:56,154 [INFO] RtosManager:555 - Registered RTOS mode: class=RTOS, group=Core, mode=CMSIS_V1, owner=FREERTOS
2024-11-04 17:09:56,154 [INFO] RtosManager:555 - Registered RTOS mode: class=RTOS, group=Core, mode=CMSIS_V2, owner=FREERTOS
2024-11-04 17:09:56,154 [WARN] ModelIntegratedComponent:184 - Missing modes for component STMicroelectronics:FreeRTOS:0.0.1:STMicroelectronics:RTOS:FreeRTOS:Core:::10.2.0:
2024-11-04 17:09:56,164 [WARN] ModelIntegratedComponent:63 - No mode defined for component null
2024-11-04 17:09:56,164 [WARN] ModelIntegratedComponent:63 - No mode defined for component null
2024-11-04 17:09:56,164 [WARN] ModelIntegratedComponent:63 - No mode defined for component null
2024-11-04 17:09:56,164 [WARN] ModelIntegratedComponent:63 - No mode defined for component null
2024-11-04 17:09:56,164 [WARN] ModelIntegratedComponent:63 - No mode defined for component null
2024-11-04 17:09:56,164 [WARN] ModelIntegratedComponent:63 - No mode defined for component null
2024-11-04 17:09:56,164 [WARN] ModelIntegratedComponent:63 - No mode defined for component null
2024-11-04 17:09:56,164 [WARN] ModelIntegratedComponent:63 - No mode defined for component null
2024-11-04 17:09:56,165 [WARN] ModelIntegratedComponent:63 - No mode defined for component null
2024-11-04 17:09:56,165 [WARN] ModelIntegratedComponent:63 - No mode defined for component null
2024-11-04 17:09:56,165 [WARN] ModelIntegratedComponent:63 - No mode defined for component null
2024-11-04 17:09:56,165 [WARN] ModelIntegratedComponent:63 - No mode defined for component null
2024-11-04 17:09:56,165 [WARN] ModelIntegratedComponent:63 - No mode defined for component null
2024-11-04 17:09:56,165 [WARN] ModelIntegratedComponent:63 - No mode defined for component null
2024-11-04 17:09:56,165 [WARN] ModelIntegratedComponent:63 - No mode defined for component null
2024-11-04 17:09:56,165 [WARN] ModelIntegratedComponent:63 - No mode defined for component null
2024-11-04 17:09:56,165 [WARN] ModelIntegratedComponent:63 - No mode defined for component null
2024-11-04 17:09:56,165 [WARN] ModelIntegratedComponent:63 - No mode defined for component null
2024-11-04 17:09:56,165 [WARN] ModelIntegratedComponent:63 - No mode defined for component null
2024-11-04 17:09:56,165 [WARN] ModelIntegratedComponent:63 - No mode defined for component null
2024-11-04 17:09:56,165 [WARN] ModelIntegratedComponent:63 - No mode defined for component null
2024-11-04 17:09:56,166 [WARN] ModelIntegratedComponent:63 - No mode defined for component null
2024-11-04 17:09:56,166 [WARN] ModelIntegratedComponent:63 - No mode defined for component null
2024-11-04 17:09:56,166 [WARN] ModelIntegratedComponent:63 - No mode defined for component null
2024-11-04 17:09:56,166 [WARN] ModelIntegratedComponent:63 - No mode defined for component null
2024-11-04 17:09:56,166 [WARN] ModelIntegratedComponent:63 - No mode defined for component null
2024-11-04 17:09:56,166 [WARN] ModelIntegratedComponent:63 - No mode defined for component null
2024-11-04 17:09:56,166 [WARN] ModelIntegratedComponent:63 - No mode defined for component null
2024-11-04 17:09:56,166 [WARN] ModelIntegratedComponent:63 - No mode defined for component null
2024-11-04 17:09:56,166 [WARN] ModelIntegratedComponent:63 - No mode defined for component null
2024-11-04 17:09:56,166 [WARN] ModelIntegratedComponent:63 - No mode defined for component null
2024-11-04 17:09:56,166 [WARN] ModelIntegratedComponent:63 - No mode defined for component null
2024-11-04 17:09:56,166 [WARN] ModelIntegratedComponent:63 - No mode defined for component null
2024-11-04 17:09:56,166 [WARN] ModelIntegratedComponent:63 - No mode defined for component null
2024-11-04 17:09:56,166 [WARN] ModelIntegratedComponent:63 - No mode defined for component null
2024-11-04 17:09:56,167 [WARN] ModelPack:524 - Component already loaded: STMicroelectronics:HAL Drivers:0.0.0:STMicroelectronics:Device:STMicro_Driver:XSPI:HAL::0.0.1:HAL_XSPI
2024-11-04 17:09:56,310 [INFO] ThirdPartyModel:298 - Start build external matchings
2024-11-04 17:09:57,447 [INFO] ThirdPartyModel:316 - End build external matchings
2024-11-04 17:09:57,470 [INFO] ImportTextPane:205 - (OptionalMessage_ERROR) IP (RCC) : Parameter (ADCFreqValue) has invalid value (36000000)
2024-11-04 17:09:57,470 [INFO] ImportTextPane:205 - (OptionalMessage_ERROR) IP (RCC) : Invalid parameter (FamilyName)
2024-11-04 17:09:57,470 [INFO] ImportTextPane:205 - (OptionalMessage_ERROR) IP (RCC) : Parameter (MCOFreq_Value) has invalid value (72000000)
2024-11-04 17:09:57,471 [INFO] ImportTextPane:205 - (OptionalMessage_ERROR) IP (RCC) : Parameter (USBFreq_Value) has invalid value (72000000)
2024-11-04 17:09:57,641 [INFO] UtilMem:75 - End LoadConfig() Used Memory: 591197440 Bytes (849346560)
2024-11-04 17:09:57,724 [WARN] ThirdParty:833 - waiting for thirdparty lock release [change project]
2024-11-04 17:09:57,725 [INFO] ThirdParty:835 - entering critical section [change project]
2024-11-04 17:09:57,725 [INFO] ThirdParty:1030 - CMSIS Pack Vendor :STMicroelectronics USBPD 4.1
2024-11-04 17:09:57,725 [INFO] ThirdParty:1030 - CMSIS Pack Vendor :STMicroelectronics X-CUBE-AZRTOS-H7 3.3.0
2024-11-04 17:09:57,725 [INFO] ThirdParty:1030 - CMSIS Pack Vendor :STMicroelectronics X-CUBE-NFC9 1.0.0
2024-11-04 17:09:57,725 [INFO] ThirdParty:1030 - CMSIS Pack Vendor :STMicroelectronics X-CUBE-GNSS1 6.0.0
2024-11-04 17:09:57,725 [INFO] ThirdParty:1030 - CMSIS Pack Vendor :STMicroelectronics USB_HOST 2.0.0
2024-11-04 17:09:57,725 [INFO] ThirdParty:1030 - CMSIS Pack Vendor :STMicroelectronics FP-SNS-MOTENVWB1 1.4.0
2024-11-04 17:09:57,725 [INFO] ThirdParty:1030 - CMSIS Pack Vendor :STMicroelectronics X-CUBE-AZRTOS-F4 1.1.0
2024-11-04 17:09:57,725 [INFO] ThirdParty:1030 - CMSIS Pack Vendor :STMicroelectronics LIBJPEG 8.0.0
2024-11-04 17:09:57,725 [INFO] ThirdParty:1030 - CMSIS Pack Vendor :STMicroelectronics X-CUBE-SMBUS 2.1.0
2024-11-04 17:09:57,725 [INFO] ThirdParty:1030 - CMSIS Pack Vendor :STMicroelectronics X-CUBE-WB05N 1.1.0
2024-11-04 17:09:57,725 [INFO] ThirdParty:1030 - CMSIS Pack Vendor :STMicroelectronics USB_DEVICE 3.0.0
2024-11-04 17:09:57,726 [INFO] ThirdParty:1030 - CMSIS Pack Vendor :STMicroelectronics X-CUBE-TCPP 4.1.0
2024-11-04 17:09:57,726 [INFO] ThirdParty:1030 - CMSIS Pack Vendor :STMicroelectronics X-CUBE-ISPU 2.1.0
2024-11-04 17:09:57,726 [INFO] ThirdParty:1030 - CMSIS Pack Vendor :STMicroelectronics X-CUBE-FREERTOS 1.2.0
2024-11-04 17:09:57,726 [INFO] ThirdParty:1030 - CMSIS Pack Vendor :STMicroelectronics X-CUBE-IPS 3.0.0
2024-11-04 17:09:57,726 [INFO] ThirdParty:1030 - CMSIS Pack Vendor :STMicroelectronics X-CUBE-AZRTOS-WB 2.0.0
2024-11-04 17:09:57,726 [INFO] ThirdParty:1030 - CMSIS Pack Vendor :wolfSSL I-CUBE-wolfSSL 5.6.6
2024-11-04 17:09:57,726 [INFO] ThirdParty:1030 - CMSIS Pack Vendor :STMicroelectronics X-CUBE-GNSS1 7.0.0
2024-11-04 17:09:57,726 [INFO] ThirdParty:1030 - CMSIS Pack Vendor :STMicroelectronics X-CUBE-TOUCHGFX 4.23.0
2024-11-04 17:09:57,726 [INFO] ThirdParty:1030 - CMSIS Pack Vendor :STMicroelectronics X-CUBE-TOUCHGFX 4.23.2
2024-11-04 17:09:57,726 [INFO] ThirdParty:1030 - CMSIS Pack Vendor :STMicroelectronics X-CUBE-AZRTOS-F7 1.1.0
2024-11-04 17:09:57,726 [INFO] ThirdParty:1030 - CMSIS Pack Vendor :STMicroelectronics X-CUBE-AZRTOS-L5 2.0.0
2024-11-04 17:09:57,726 [INFO] ThirdParty:1030 - CMSIS Pack Vendor :STMicroelectronics USB_DEVICE 2.0.0
2024-11-04 17:09:57,726 [INFO] ThirdParty:1030 - CMSIS Pack Vendor :STMicroelectronics X-CUBE-NFC6 3.1.0
2024-11-04 17:09:57,726 [INFO] ThirdParty:1030 - CMSIS Pack Vendor :ITTIA_DB I-CUBE-ITTIADB 8.8.0
2024-11-04 17:09:57,726 [INFO] ThirdParty:1030 - CMSIS Pack Vendor :STMicroelectronics FP-SNS-STBOX1 2.0.0
2024-11-04 17:09:57,726 [INFO] ThirdParty:1030 - CMSIS Pack Vendor :STMicroelectronics FP-SNS-MOTENV1 4.3.2
2024-11-04 17:09:57,726 [INFO] ThirdParty:1030 - CMSIS Pack Vendor :STMicroelectronics X-CUBE-ALGOBUILD 1.3.0
2024-11-04 17:09:57,727 [INFO] ThirdParty:1030 - CMSIS Pack Vendor :STMicroelectronics X-CUBE-MEMS1 11.0.0
2024-11-04 17:09:57,727 [INFO] ThirdParty:1030 - CMSIS Pack Vendor :STMicroelectronics FreeRTOS 0.0.1
2024-11-04 17:09:57,727 [INFO] ThirdParty:1030 - CMSIS Pack Vendor :STMicroelectronics X-CUBE-AZRTOS-G0 1.1.0
2024-11-04 17:09:57,727 [INFO] ThirdParty:1030 - CMSIS Pack Vendor :STMicroelectronics X-CUBE-SAFEA1 1.2.2
2024-11-04 17:09:57,727 [INFO] ThirdParty:1030 - CMSIS Pack Vendor :STMicroelectronics X-CUBE-NFC4 3.0.0
2024-11-04 17:09:57,727 [INFO] ThirdParty:1030 - CMSIS Pack Vendor :STMicroelectronics X-CUBE-DPower 1.2.0
2024-11-04 17:09:57,727 [INFO] ThirdParty:1030 - CMSIS Pack Vendor :STMicroelectronics X-CUBE-SUBG2 5.0.0
2024-11-04 17:09:57,727 [INFO] ThirdParty:1030 - CMSIS Pack Vendor :STMicroelectronics STM32_WPAN 1.0.0
2024-11-04 17:09:57,727 [INFO] ThirdParty:1030 - CMSIS Pack Vendor :EmbeddedOffice I-CUBE-FS-RTOS 1.0.1
2024-11-04 17:09:57,727 [INFO] ThirdParty:1030 - CMSIS Pack Vendor :STMicroelectronics lwIP 2.0.3
2024-11-04 17:09:57,727 [INFO] ThirdParty:1030 - CMSIS Pack Vendor :STMicroelectronics FP-SNS-FLIGHT1 5.0.2
2024-11-04 17:09:57,727 [INFO] ThirdParty:1030 - CMSIS Pack Vendor :STMicroelectronics USB_HOST 1.0.0
2024-11-04 17:09:57,727 [INFO] ThirdParty:1030 - CMSIS Pack Vendor :STMicroelectronics X-CUBE-AI 9.0.0
2024-11-04 17:09:57,728 [INFO] ThirdParty:1030 - CMSIS Pack Vendor :STMicroelectronics X-CUBE-AZRTOS-G4 2.0.0
2024-11-04 17:09:57,728 [INFO] ThirdParty:1030 - CMSIS Pack Vendor :STMicroelectronics PDM2PCM 3.1.0
2024-11-04 17:09:57,728 [INFO] ThirdParty:1030 - CMSIS Pack Vendor :Infineon AIROC-Wi-Fi-Bluetooth-STM32 1.5.1
2024-11-04 17:09:57,728 [INFO] ThirdParty:1030 - CMSIS Pack Vendor :STMicroelectronics PDM2PCM 3.3.0
2024-11-04 17:09:57,728 [INFO] ThirdParty:1030 - CMSIS Pack Vendor :STMicroelectronics X-CUBE-DISPLAY 3.0.0
2024-11-04 17:09:57,728 [INFO] ThirdParty:1030 - CMSIS Pack Vendor :RealThread X-CUBE-RT-Thread_Nano 4.1.1
2024-11-04 17:09:57,728 [INFO] ThirdParty:1030 - CMSIS Pack Vendor :STMicroelectronics FP-SNS-MOTENVWB1 1.3.1
2024-11-04 17:09:57,728 [INFO] ThirdParty:1030 - CMSIS Pack Vendor :STMicroelectronics X-CUBE-BLE1 7.0.0
2024-11-04 17:09:57,728 [INFO] ThirdParty:1030 - CMSIS Pack Vendor :STMicroelectronics FP-ATR-SIGFOX1 3.2.0
2024-11-04 17:09:57,728 [INFO] ThirdParty:1030 - CMSIS Pack Vendor :STMicroelectronics X-CUBE-NFC10 1.0.0
2024-11-04 17:09:57,728 [INFO] ThirdParty:1030 - CMSIS Pack Vendor :STMicroelectronics X-CUBE-ISPU 2.0.0
2024-11-04 17:09:57,728 [INFO] ThirdParty:1030 - CMSIS Pack Vendor :STMicroelectronics X-CUBE-EEPRMA1 5.1.0
2024-11-04 17:09:57,729 [INFO] ThirdParty:1030 - CMSIS Pack Vendor :STMicroelectronics HAL Drivers 0.0.0
2024-11-04 17:09:57,729 [INFO] ThirdParty:1030 - CMSIS Pack Vendor :STMicroelectronics MBEDTLS 2.16.2
2024-11-04 17:09:57,729 [INFO] ThirdParty:1030 - CMSIS Pack Vendor :STMicroelectronics X-CUBE-ALS 1.0.2
2024-11-04 17:09:57,729 [INFO] ThirdParty:1030 - CMSIS Pack Vendor :emotas I-CUBE-CANOPEN 1.3.0
2024-11-04 17:09:57,730 [INFO] ThirdParty:1030 - CMSIS Pack Vendor :STMicroelectronics X-CUBE-MEMS1 10.0.0
2024-11-04 17:09:57,730 [INFO] ThirdParty:1030 - CMSIS Pack Vendor :STMicroelectronics X-CUBE-FREERTOS 1.1.0
2024-11-04 17:09:57,730 [INFO] ThirdParty:1030 - CMSIS Pack Vendor :STMicroelectronics X-CUBE-NFC7 1.0.1
2024-11-04 17:09:57,730 [INFO] ThirdParty:1030 - CMSIS Pack Vendor :STMicroelectronics MBEDTLS 2.14.1
2024-11-04 17:09:57,730 [INFO] ThirdParty:1030 - CMSIS Pack Vendor :STMicroelectronics X-CUBE-TOUCHGFX 4.24.0
2024-11-04 17:09:57,730 [INFO] ThirdParty:1030 - CMSIS Pack Vendor :wolfSSL I-CUBE-wolfTPM 3.2.0
2024-11-04 17:09:57,731 [INFO] ThirdParty:1030 - CMSIS Pack Vendor :STMicroelectronics X-CUBE-TOUCHGFX 4.24.1
2024-11-04 17:09:57,731 [INFO] ThirdParty:1030 - CMSIS Pack Vendor :STMicroelectronics X-CUBE-NFC6 3.0.0
2024-11-04 17:09:57,731 [INFO] ThirdParty:1030 - CMSIS Pack Vendor :portGmbH I-Cube-SoM-uGOAL 1.1.0
2024-11-04 17:09:57,731 [INFO] ThirdParty:1030 - CMSIS Pack Vendor :STMicroelectronics X-CUBE-ALS 1.0.1
2024-11-04 17:09:57,731 [INFO] ThirdParty:1030 - CMSIS Pack Vendor :STMicroelectronics X-CUBE-BLEMGR 3.1.0
2024-11-04 17:09:57,731 [INFO] ThirdParty:1030 - CMSIS Pack Vendor :STMicroelectronics ThreadX 1.0.0
2024-11-04 17:09:57,731 [INFO] ThirdParty:1030 - CMSIS Pack Vendor :STMicroelectronics FP-SNS-SMARTAG2 1.2.0
2024-11-04 17:09:57,731 [INFO] ThirdParty:1030 - CMSIS Pack Vendor :STMicroelectronics X-CUBE-AZRTOS-WL 2.0.0
2024-11-04 17:09:57,731 [INFO] ThirdParty:1030 - CMSIS Pack Vendor :SEGGER I-CUBE-embOS 1.3.1
2024-11-04 17:09:57,731 [INFO] ThirdParty:1030 - CMSIS Pack Vendor :STMicroelectronics X-CUBE-ALGOBUILD 1.4.0
2024-11-04 17:09:57,731 [INFO] ThirdParty:1030 - CMSIS Pack Vendor :STMicroelectronics FP-SNS-MOTENV1 5.0.0
2024-11-04 17:09:57,731 [INFO] ThirdParty:1030 - CMSIS Pack Vendor :STMicroelectronics USB_DEVICE 1.0.0
2024-11-04 17:09:57,732 [INFO] ThirdParty:1030 - CMSIS Pack Vendor :STMicroelectronics X-CUBE-AI 8.1.0
2024-11-04 17:09:57,732 [INFO] ThirdParty:1030 - CMSIS Pack Vendor :STMicroelectronics X-CUBE-AZRTOS-H7RS 1.0.0
2024-11-04 17:09:57,732 [INFO] ThirdParty:1030 - CMSIS Pack Vendor :wolfSSL I-CUBE-wolfMQTT 1.19.0
2024-11-04 17:09:57,732 [INFO] ThirdParty:1030 - CMSIS Pack Vendor :STMicroelectronics X-CUBE-AZRTOS-L4 2.0.0
2024-11-04 17:09:57,732 [INFO] ThirdParty:1030 - CMSIS Pack Vendor :STMicroelectronics ThreadX 0.0.2
2024-11-04 17:09:57,732 [INFO] ThirdParty:1030 - CMSIS Pack Vendor :WES I-CUBE-Cesium 1.3.0
2024-11-04 17:09:57,732 [INFO] ThirdParty:1030 - CMSIS Pack Vendor :STMicroelectronics FP-ATR-ASTRA1 2.0.0
2024-11-04 17:09:57,732 [INFO] ThirdParty:1030 - CMSIS Pack Vendor :STMicroelectronics lwIP 2.1.2
2024-11-04 17:09:57,732 [INFO] ThirdParty:1030 - CMSIS Pack Vendor :STMicroelectronics X-CUBE-SFXS2LP1 4.0.0
2024-11-04 17:09:57,732 [INFO] ThirdParty:1030 - CMSIS Pack Vendor :STMicroelectronics X-CUBE-BLE2 3.3.0
2024-11-04 17:09:57,732 [INFO] ThirdParty:1030 - CMSIS Pack Vendor :STMicroelectronics X-CUBE-TOF1 3.4.2
2024-11-04 17:09:57,732 [INFO] ThirdParty:1030 - CMSIS Pack Vendor :STMicroelectronics X-CUBE-AI 9.1.0
2024-11-04 17:09:57,732 [INFO] ThirdParty:1030 - CMSIS Pack Vendor :STMicroelectronics X-CUBE-TOF1 3.4.1
2024-11-04 17:09:57,732 [INFO] ThirdParty:1030 - CMSIS Pack Vendor :STMicroelectronics X-CUBE-AZRTOS-H7 3.2.0
2024-11-04 17:09:57,733 [INFO] ThirdParty:1030 - CMSIS Pack Vendor :STMicroelectronics PDM2PCM 3.2.0
2024-11-04 17:09:57,733 [INFO] ThirdParty:1030 - CMSIS Pack Vendor :wolfSSL I-CUBE-wolfSSH 1.4.17
2024-11-04 17:09:57,733 [INFO] ThirdParty:841 - exiting critical section [change project]
2024-11-04 17:09:57,907 [INFO] PinOutPanel:1561 - setPackage(No Configuration,No Configuration)
2024-11-04 17:09:57,908 [INFO] PinOutPanel:1561 - setPackage(STM32F103RBTx,LQFP64)
2024-11-04 17:09:58,260 [INFO] UtilMem:75 - Before build in PCC Used Memory: 241394048 Bytes (849346560)
2024-11-04 17:09:58,512 [INFO] UtilMem:75 - After build in PCC Used Memory: 283337088 Bytes (849346560)
2024-11-04 17:09:58,532 [INFO] IPUIPlugin:80 - create IPUIPlugin
2024-11-04 17:09:58,532 [INFO] IPUIPlugin:80 - create IPUIPlugin
2024-11-04 17:09:58,532 [INFO] IPUIPlugin:80 - create IPUIPlugin
2024-11-04 17:09:58,532 [INFO] IPUIPlugin:80 - create IPUIPlugin
2024-11-04 17:09:58,532 [INFO] IPUIPlugin:80 - create IPUIPlugin
2024-11-04 17:09:58,532 [INFO] IPUIPlugin:80 - create IPUIPlugin
2024-11-04 17:09:58,532 [INFO] IPUIPlugin:80 - create IPUIPlugin
2024-11-04 17:09:58,532 [INFO] IPUIPlugin:80 - create IPUIPlugin
2024-11-04 17:09:58,534 [INFO] IPUIPlugin:80 - create IPUIPlugin
2024-11-04 17:09:58,534 [INFO] IPUIPlugin:80 - create IPUIPlugin
2024-11-04 17:09:58,534 [INFO] IPUIPlugin:80 - create IPUIPlugin
2024-11-04 17:09:58,534 [INFO] IPUIPlugin:80 - create IPUIPlugin
2024-11-04 17:09:58,534 [INFO] IPUIPlugin:80 - create IPUIPlugin
2024-11-04 17:09:58,534 [INFO] IPUIPlugin:80 - create IPUIPlugin
2024-11-04 17:09:58,535 [INFO] IPUIPlugin:80 - create IPUIPlugin
2024-11-04 17:09:58,535 [INFO] IPUIPlugin:80 - create IPUIPlugin
2024-11-04 17:09:58,535 [INFO] IPUIPlugin:80 - create IPUIPlugin
2024-11-04 17:09:58,536 [INFO] IPUIPlugin:80 - create IPUIPlugin
2024-11-04 17:09:58,536 [INFO] IPUIPlugin:80 - create IPUIPlugin
2024-11-04 17:09:58,536 [INFO] IPUIPlugin:80 - create IPUIPlugin
2024-11-04 17:09:58,536 [INFO] IPUIPlugin:80 - create IPUIPlugin
2024-11-04 17:09:58,537 [INFO] IPUIPlugin:80 - create IPUIPlugin
2024-11-04 17:09:58,537 [INFO] IPUIPlugin:80 - create IPUIPlugin
2024-11-04 17:09:58,537 [INFO] IPUIPlugin:80 - create IPUIPlugin
2024-11-04 17:09:58,537 [INFO] IPUIPlugin:80 - create IPUIPlugin
2024-11-04 17:09:58,538 [INFO] IPUIPlugin:80 - create IPUIPlugin
2024-11-04 17:09:58,538 [INFO] IPUIPlugin:80 - create IPUIPlugin
2024-11-04 17:09:58,598 [INFO] CADModel:165 - CPN selected for project levelSTM32F103RBT6
2024-11-04 17:09:58,598 [INFO] CADModel:114 - Register for checkConnection events
2024-11-04 17:09:58,652 [INFO] OpenFileManager:363 - Restore cursor
2024-11-04 17:12:41,379 [INFO] MainUpdater:2873 - connection check result : 10
2024-11-04 17:12:41,379 [INFO] MainUpdater:2873 - connection check result : 10
2024-11-04 17:12:41,451 [INFO] MicroXplorer:468 - Change Database Path : 
2024-11-04 17:12:41,451 [INFO] MicroXplorer:498 - Change Database Version : DB.6.0.121
2024-11-04 17:12:41,467 [ERROR] ProjectManagerView:394 - 
java.lang.NullPointerException: Cannot invoke "javax.swing.JTextField.getText()" because the return value of "java.util.List.get(int)" is null
	at com.st.microxplorer.plugins.projectmanager.gui.ProjectChoiceTab$10.caretUpdate(ProjectChoiceTab.java:2622) ~[filemanager.jar:?]
	at javax.swing.text.JTextComponent.fireCaretUpdate(JTextComponent.java:412) ~[?:?]
	at javax.swing.text.JTextComponent$MutableCaretEvent.fire(JTextComponent.java:4491) ~[?:?]
	at javax.swing.text.JTextComponent$MutableCaretEvent.stateChanged(JTextComponent.java:4513) ~[?:?]
	at javax.swing.text.DefaultCaret.fireStateChanged(DefaultCaret.java:842) ~[?:?]
	at javax.swing.text.DefaultCaret.changeCaretPosition(DefaultCaret.java:1313) ~[?:?]
	at javax.swing.text.DefaultCaret.handleSetDot(DefaultCaret.java:1212) ~[?:?]
	at javax.swing.text.DefaultCaret.setDot(DefaultCaret.java:1193) ~[?:?]
	at javax.swing.text.DefaultCaret$Handler.insertUpdate(DefaultCaret.java:1789) ~[?:?]
	at javax.swing.text.AbstractDocument.fireInsertUpdate(AbstractDocument.java:226) ~[?:?]
	at javax.swing.text.AbstractDocument.handleInsertString(AbstractDocument.java:780) ~[?:?]
	at javax.swing.text.AbstractDocument.insertString(AbstractDocument.java:739) ~[?:?]
	at javax.swing.text.PlainDocument.insertString(PlainDocument.java:131) ~[?:?]
	at javax.swing.text.AbstractDocument.replace(AbstractDocument.java:698) ~[?:?]
	at javax.swing.text.JTextComponent.setText(JTextComponent.java:1729) ~[?:?]
	at com.st.microxplorer.plugins.projectmanager.gui.ProjectChoiceTab.createHeapStackFields(ProjectChoiceTab.java:972) ~[filemanager.jar:?]
	at com.st.microxplorer.plugins.projectmanager.gui.ProjectChoiceTab.buildLinkSettingsPanel(ProjectChoiceTab.java:3597) ~[filemanager.jar:?]
	at com.st.microxplorer.plugins.projectmanager.gui.ProjectChoiceTab.defineWindowsFields(ProjectChoiceTab.java:1940) ~[filemanager.jar:?]
	at com.st.microxplorer.plugins.projectmanager.gui.ProjectChoiceTab.updateSettings(ProjectChoiceTab.java:550) ~[filemanager.jar:?]
	at com.st.microxplorer.plugins.projectmanager.gui.ProjectSettingsPanel.UpdateDialog(ProjectSettingsPanel.java:245) ~[filemanager.jar:?]
	at com.st.microxplorer.plugins.projectmanager.ProjectManagerView.propertyChange(ProjectManagerView.java:391) ~[filemanager.jar:?]
	at java.beans.PropertyChangeSupport.fire(PropertyChangeSupport.java:343) ~[?:?]
	at java.beans.PropertyChangeSupport.firePropertyChange(PropertyChangeSupport.java:335) ~[?:?]
	at java.beans.PropertyChangeSupport.firePropertyChange(PropertyChangeSupport.java:268) ~[?:?]
	at com.st.microxplorer.util.MXPropertyChangeSupport.firePropertyChange(MXPropertyChangeSupport.java:54) ~[STM32CubeMX.jar:?]
	at com.st.microxplorer.mxsystem.MxSystem.closeConfig(MxSystem.java:900) ~[STM32CubeMX.jar:?]
	at com.st.microxplorer.maingui.MainPanel.closeConfig(MainPanel.java:781) ~[STM32CubeMX.jar:?]
	at com.st.microxplorer.plugins.filemanager.engine.OpenFileManager.loadConfigurationFile(OpenFileManager.java:265) ~[filemanager.jar:?]
	at com.st.microxplorer.plugins.filemanager.engine.MainFileManager.userLoadConfig(MainFileManager.java:352) ~[filemanager.jar:?]
	at com.st.microxplorer.plugins.filemanager.engine.MainFileManager.userLoadConfig(MainFileManager.java:330) ~[filemanager.jar:?]
	at com.st.microxplorer.plugins.filemanager.FileManagerView.getSpecificTask(FileManagerView.java:246) ~[filemanager.jar:?]
	at com.st.stm32cube.common.mx.editor.CubeMxEditor.getMxTabbedPaneInstance(CubeMxEditor.java:1198) ~[com.st.stm32cube.common.mx_6.12.1.202409122256/:?]
	at com.st.stm32cube.common.mx.editor.CubeMxEditor$12$1.createSwingComponent(CubeMxEditor.java:1068) ~[com.st.stm32cube.common.mx_6.12.1.202409122256/:?]
	at com.st.stm32cube.common.mx.oss.core.awtswtbridge.EmbeddedSwingComposite.doComponentCreation(EmbeddedSwingComposite.java:492) ~[com.st.stm32cube.common.mx.oss_6.12.1.202409122256/:?]
	at com.st.stm32cube.common.mx.oss.core.awtswtbridge.EmbeddedSwingComposite$4.run(EmbeddedSwingComposite.java:291) ~[com.st.stm32cube.common.mx.oss_6.12.1.202409122256/:?]
	at com.st.stm32cube.common.mx.oss.core.awtswtbridge.AwtEnvironment$2.run(AwtEnvironment.java:166) ~[com.st.stm32cube.common.mx.oss_6.12.1.202409122256/:?]
	at java.awt.event.InvocationEvent.dispatch(InvocationEvent.java:318) ~[?:?]
	at java.awt.EventQueue.dispatchEventImpl(EventQueue.java:773) ~[?:?]
	at java.awt.EventQueue$4.run(EventQueue.java:720) ~[?:?]
	at java.awt.EventQueue$4.run(EventQueue.java:714) ~[?:?]
	at java.security.AccessController.doPrivileged(AccessController.java:399) ~[?:?]
	at java.security.ProtectionDomain$JavaSecurityAccessImpl.doIntersectionPrivilege(ProtectionDomain.java:86) ~[?:?]
	at java.awt.EventQueue.dispatchEvent(EventQueue.java:742) ~[?:?]
	at java.awt.EventDispatchThread.pumpOneEventForFilters(EventDispatchThread.java:203) ~[?:?]
	at java.awt.EventDispatchThread.pumpEventsForFilter(EventDispatchThread.java:124) ~[?:?]
	at java.awt.EventDispatchThread.pumpEventsForHierarchy(EventDispatchThread.java:113) ~[?:?]
	at java.awt.EventDispatchThread.pumpEvents(EventDispatchThread.java:109) ~[?:?]
	at java.awt.EventDispatchThread.pumpEvents(EventDispatchThread.java:101) ~[?:?]
	at java.awt.EventDispatchThread.run(EventDispatchThread.java:90) ~[?:?]
2024-11-04 17:12:41,469 [WARN] ThirdParty:871 - waiting for thirdparty lock release [close project]
2024-11-04 17:12:41,469 [INFO] ThirdParty:873 - entering critical section [close project]
2024-11-04 17:12:41,469 [INFO] ThirdParty:883 - exiting critical section [close project]
2024-11-04 17:12:41,471 [INFO] PinOutPanel:1561 - setPackage(No Configuration,No Configuration)
2024-11-04 17:12:41,474 [INFO] UtilMem:75 - Begin LoadConfig() Used Memory: 289132928 Bytes (790626304)
2024-11-04 17:12:41,476 [INFO] MicroXplorer:468 - Change Database Path : 
2024-11-04 17:12:41,476 [INFO] MicroXplorer:498 - Change Database Version : DB.6.0.121
2024-11-04 17:12:41,476 [INFO] OpenFileManager:332 - Change cursor
2024-11-04 17:12:41,488 [INFO] Mcu:2032 - Initializing MCU STM32F446R(C-E)Tx STM32F446RETx STM32F446RET6
2024-11-04 17:12:43,026 [INFO] Context:742 - Trying to add GPIOservice into a context  which must be forbidden
2024-11-04 17:12:43,450 [INFO] RtosManager:555 - Registered RTOS mode: class=CMSIS, group=RTOS, mode=CMSIS_V1, owner=FREERTOS
2024-11-04 17:12:43,450 [INFO] RtosManager:555 - Registered RTOS mode: class=CMSIS, group=RTOS2, mode=CMSIS_V2, owner=FREERTOS
2024-11-04 17:12:43,451 [INFO] RtosManager:555 - Registered RTOS mode: class=RTOS, group=Core, mode=CMSIS_V1, owner=FREERTOS
2024-11-04 17:12:43,451 [INFO] RtosManager:555 - Registered RTOS mode: class=RTOS, group=Core, mode=CMSIS_V2, owner=FREERTOS
2024-11-04 17:12:43,451 [WARN] ModelIntegratedComponent:184 - Missing modes for component STMicroelectronics:FreeRTOS:0.0.1:STMicroelectronics:RTOS:FreeRTOS:Core:::10.2.0:
2024-11-04 17:12:43,458 [WARN] ModelIntegratedComponent:63 - No mode defined for component null
2024-11-04 17:12:43,458 [WARN] ModelIntegratedComponent:63 - No mode defined for component null
2024-11-04 17:12:43,458 [WARN] ModelIntegratedComponent:63 - No mode defined for component null
2024-11-04 17:12:43,458 [WARN] ModelIntegratedComponent:63 - No mode defined for component null
2024-11-04 17:12:43,458 [WARN] ModelIntegratedComponent:63 - No mode defined for component null
2024-11-04 17:12:43,458 [WARN] ModelIntegratedComponent:63 - No mode defined for component null
2024-11-04 17:12:43,458 [WARN] ModelIntegratedComponent:63 - No mode defined for component null
2024-11-04 17:12:43,459 [WARN] ModelIntegratedComponent:63 - No mode defined for component null
2024-11-04 17:12:43,459 [WARN] ModelIntegratedComponent:63 - No mode defined for component null
2024-11-04 17:12:43,459 [WARN] ModelIntegratedComponent:63 - No mode defined for component null
2024-11-04 17:12:43,459 [WARN] ModelIntegratedComponent:63 - No mode defined for component null
2024-11-04 17:12:43,459 [WARN] ModelIntegratedComponent:63 - No mode defined for component null
2024-11-04 17:12:43,459 [WARN] ModelIntegratedComponent:63 - No mode defined for component null
2024-11-04 17:12:43,459 [WARN] ModelIntegratedComponent:63 - No mode defined for component null
2024-11-04 17:12:43,459 [WARN] ModelIntegratedComponent:63 - No mode defined for component null
2024-11-04 17:12:43,459 [WARN] ModelIntegratedComponent:63 - No mode defined for component null
2024-11-04 17:12:43,459 [WARN] ModelIntegratedComponent:63 - No mode defined for component null
2024-11-04 17:12:43,459 [WARN] ModelIntegratedComponent:63 - No mode defined for component null
2024-11-04 17:12:43,459 [WARN] ModelIntegratedComponent:63 - No mode defined for component null
2024-11-04 17:12:43,459 [WARN] ModelIntegratedComponent:63 - No mode defined for component null
2024-11-04 17:12:43,459 [WARN] ModelIntegratedComponent:63 - No mode defined for component null
2024-11-04 17:12:43,459 [WARN] ModelIntegratedComponent:63 - No mode defined for component null
2024-11-04 17:12:43,459 [WARN] ModelIntegratedComponent:63 - No mode defined for component null
2024-11-04 17:12:43,459 [WARN] ModelIntegratedComponent:63 - No mode defined for component null
2024-11-04 17:12:43,459 [WARN] ModelIntegratedComponent:63 - No mode defined for component null
2024-11-04 17:12:43,459 [WARN] ModelIntegratedComponent:63 - No mode defined for component null
2024-11-04 17:12:43,459 [WARN] ModelIntegratedComponent:63 - No mode defined for component null
2024-11-04 17:12:43,459 [WARN] ModelIntegratedComponent:63 - No mode defined for component null
2024-11-04 17:12:43,460 [WARN] ModelIntegratedComponent:63 - No mode defined for component null
2024-11-04 17:12:43,460 [WARN] ModelIntegratedComponent:63 - No mode defined for component null
2024-11-04 17:12:43,460 [WARN] ModelIntegratedComponent:63 - No mode defined for component null
2024-11-04 17:12:43,460 [WARN] ModelIntegratedComponent:63 - No mode defined for component null
2024-11-04 17:12:43,460 [WARN] ModelIntegratedComponent:63 - No mode defined for component null
2024-11-04 17:12:43,460 [WARN] ModelIntegratedComponent:63 - No mode defined for component null
2024-11-04 17:12:43,460 [WARN] ModelIntegratedComponent:63 - No mode defined for component null
2024-11-04 17:12:43,460 [WARN] ModelPack:524 - Component already loaded: STMicroelectronics:HAL Drivers:0.0.0:STMicroelectronics:Device:STMicro_Driver:XSPI:HAL::0.0.1:HAL_XSPI
2024-11-04 17:12:43,567 [INFO] ThirdPartyModel:298 - Start build external matchings
2024-11-04 17:12:44,524 [INFO] ThirdPartyModel:316 - End build external matchings
2024-11-04 17:12:44,538 [INFO] ImportTextPane:205 - (OptionalMessage_ERROR) IP (DMA) : Parameter (Instance) has Id (TIM1_CH1) currently not set
2024-11-04 17:12:44,539 [INFO] ImportTextPane:205 - (OptionalMessage_ERROR) IP (DMA) : Parameter (Channel) has Id (TIM1_CH1) currently not set
2024-11-04 17:12:44,539 [INFO] ImportTextPane:205 - (OptionalMessage_ERROR) IP (DMA) : Parameter (Direction) has Id (TIM1_CH1) currently not set
2024-11-04 17:12:44,539 [INFO] ImportTextPane:205 - (OptionalMessage_ERROR) IP (DMA) : Parameter (PeriphInc) has Id (TIM1_CH1) currently not set
2024-11-04 17:12:44,539 [INFO] ImportTextPane:205 - (OptionalMessage_ERROR) IP (DMA) : Parameter (MemInc) has Id (TIM1_CH1) currently not set
2024-11-04 17:12:44,539 [INFO] ImportTextPane:205 - (OptionalMessage_ERROR) IP (DMA) : Parameter (PeriphDataAlignment) has Id (TIM1_CH1) currently not set
2024-11-04 17:12:44,540 [INFO] ImportTextPane:205 - (OptionalMessage_ERROR) IP (DMA) : Parameter (MemDataAlignment) has Id (TIM1_CH1) currently not set
2024-11-04 17:12:44,540 [INFO] ImportTextPane:205 - (OptionalMessage_ERROR) IP (DMA) : Parameter (Mode) has Id (TIM1_CH1) currently not set
2024-11-04 17:12:44,540 [INFO] ImportTextPane:205 - (OptionalMessage_ERROR) IP (DMA) : Parameter (Priority) has Id (TIM1_CH1) currently not set
2024-11-04 17:12:44,540 [INFO] ImportTextPane:205 - (OptionalMessage_ERROR) IP (DMA) : Parameter (FIFOMode) has Id (TIM1_CH1) currently not set
2024-11-04 17:12:44,540 [INFO] ImportTextPane:205 - (OptionalMessage_ERROR) IP (RCC) : Invalid parameter (48MHZClocksFreq_Value)
2024-11-04 17:12:44,540 [INFO] ImportTextPane:205 - (OptionalMessage_ERROR) IP (RCC) : Invalid parameter (EthernetFreq_Value)
2024-11-04 17:12:44,541 [INFO] ImportTextPane:205 - (OptionalMessage_ERROR) IP (RCC) : Parameter (FLatency) has Id (AdvancedSettings) currently not set
2024-11-04 17:12:44,541 [INFO] ImportTextPane:205 - (OptionalMessage_ERROR) IP (RCC) : Invalid parameter (FamilyName)
2024-11-04 17:12:44,541 [INFO] ImportTextPane:205 - (OptionalMessage_ERROR) IP (RCC) : Invalid parameter (I2SClocksFreq_Value)
2024-11-04 17:12:44,541 [INFO] ImportTextPane:205 - (OptionalMessage_ERROR) IP (RCC) : Parameter (MCO2PinFreq_Value) has invalid value (180000000)
2024-11-04 17:12:44,542 [INFO] ImportTextPane:205 - (OptionalMessage_ERROR) IP (RCC) : Parameter (SDIOFreq_Value) has invalid value (180000000)
2024-11-04 17:12:44,542 [INFO] ImportTextPane:205 - (OptionalMessage_ERROR) IP (RCC) : Parameter (USBFreq_Value) has invalid value (180000000)
2024-11-04 17:12:44,542 [INFO] ImportTextPane:205 - (OptionalMessage_ERROR) IP (RCC) : Invalid parameter (VCOInputMFreq_Value)
2024-11-04 17:12:44,542 [INFO] ImportTextPane:205 - (OptionalMessage_ERROR) IP (RCC) : Invalid parameter (VcooutputI2S)
2024-11-04 17:12:44,858 [INFO] UtilMem:75 - End LoadConfig() Used Memory: 465512832 Bytes (790626304)
2024-11-04 17:12:44,938 [WARN] ThirdParty:833 - waiting for thirdparty lock release [change project]
2024-11-04 17:12:44,938 [INFO] ThirdParty:835 - entering critical section [change project]
2024-11-04 17:12:44,938 [INFO] ThirdParty:1030 - CMSIS Pack Vendor :STMicroelectronics USBPD 4.1
2024-11-04 17:12:44,938 [INFO] ThirdParty:1030 - CMSIS Pack Vendor :STMicroelectronics X-CUBE-AZRTOS-H7 3.3.0
2024-11-04 17:12:44,938 [INFO] ThirdParty:1030 - CMSIS Pack Vendor :STMicroelectronics X-CUBE-NFC9 1.0.0
2024-11-04 17:12:44,938 [INFO] ThirdParty:1030 - CMSIS Pack Vendor :STMicroelectronics X-CUBE-GNSS1 6.0.0
2024-11-04 17:12:44,938 [INFO] ThirdParty:1030 - CMSIS Pack Vendor :STMicroelectronics USB_HOST 2.0.0
2024-11-04 17:12:44,939 [INFO] ThirdParty:1030 - CMSIS Pack Vendor :STMicroelectronics FP-SNS-MOTENVWB1 1.4.0
2024-11-04 17:12:44,939 [INFO] ThirdParty:1030 - CMSIS Pack Vendor :STMicroelectronics X-CUBE-AZRTOS-F4 1.1.0
2024-11-04 17:12:44,939 [INFO] ThirdParty:1030 - CMSIS Pack Vendor :STMicroelectronics LIBJPEG 8.0.0
2024-11-04 17:12:44,939 [INFO] ThirdParty:1030 - CMSIS Pack Vendor :STMicroelectronics X-CUBE-SMBUS 2.1.0
2024-11-04 17:12:44,939 [INFO] ThirdParty:1030 - CMSIS Pack Vendor :STMicroelectronics X-CUBE-WB05N 1.1.0
2024-11-04 17:12:44,939 [INFO] ThirdParty:1030 - CMSIS Pack Vendor :STMicroelectronics USB_DEVICE 3.0.0
2024-11-04 17:12:44,939 [INFO] ThirdParty:1030 - CMSIS Pack Vendor :STMicroelectronics X-CUBE-TCPP 4.1.0
2024-11-04 17:12:44,939 [INFO] ThirdParty:1030 - CMSIS Pack Vendor :STMicroelectronics X-CUBE-ISPU 2.1.0
2024-11-04 17:12:44,939 [INFO] ThirdParty:1030 - CMSIS Pack Vendor :STMicroelectronics X-CUBE-FREERTOS 1.2.0
2024-11-04 17:12:44,939 [INFO] ThirdParty:1030 - CMSIS Pack Vendor :STMicroelectronics X-CUBE-IPS 3.0.0
2024-11-04 17:12:44,939 [INFO] ThirdParty:1030 - CMSIS Pack Vendor :STMicroelectronics X-CUBE-AZRTOS-WB 2.0.0
2024-11-04 17:12:44,939 [INFO] ThirdParty:1030 - CMSIS Pack Vendor :wolfSSL I-CUBE-wolfSSL 5.6.6
2024-11-04 17:12:44,940 [INFO] ThirdParty:1030 - CMSIS Pack Vendor :STMicroelectronics X-CUBE-GNSS1 7.0.0
2024-11-04 17:12:44,940 [INFO] ThirdParty:1030 - CMSIS Pack Vendor :STMicroelectronics X-CUBE-TOUCHGFX 4.23.0
2024-11-04 17:12:44,940 [INFO] ThirdParty:1030 - CMSIS Pack Vendor :STMicroelectronics X-CUBE-TOUCHGFX 4.23.2
2024-11-04 17:12:44,940 [INFO] ThirdParty:1030 - CMSIS Pack Vendor :STMicroelectronics X-CUBE-AZRTOS-F7 1.1.0
2024-11-04 17:12:44,940 [INFO] ThirdParty:1030 - CMSIS Pack Vendor :STMicroelectronics X-CUBE-AZRTOS-L5 2.0.0
2024-11-04 17:12:44,940 [INFO] ThirdParty:1030 - CMSIS Pack Vendor :STMicroelectronics USB_DEVICE 2.0.0
2024-11-04 17:12:44,940 [INFO] ThirdParty:1030 - CMSIS Pack Vendor :STMicroelectronics X-CUBE-NFC6 3.1.0
2024-11-04 17:12:44,940 [INFO] ThirdParty:1030 - CMSIS Pack Vendor :ITTIA_DB I-CUBE-ITTIADB 8.8.0
2024-11-04 17:12:44,940 [INFO] ThirdParty:1030 - CMSIS Pack Vendor :STMicroelectronics FP-SNS-STBOX1 2.0.0
2024-11-04 17:12:44,940 [INFO] ThirdParty:1030 - CMSIS Pack Vendor :STMicroelectronics FP-SNS-MOTENV1 4.3.2
2024-11-04 17:12:44,940 [INFO] ThirdParty:1030 - CMSIS Pack Vendor :STMicroelectronics X-CUBE-ALGOBUILD 1.3.0
2024-11-04 17:12:44,940 [INFO] ThirdParty:1030 - CMSIS Pack Vendor :STMicroelectronics X-CUBE-MEMS1 11.0.0
2024-11-04 17:12:44,940 [INFO] ThirdParty:1030 - CMSIS Pack Vendor :STMicroelectronics FreeRTOS 0.0.1
2024-11-04 17:12:44,940 [INFO] ThirdParty:1030 - CMSIS Pack Vendor :STMicroelectronics X-CUBE-AZRTOS-G0 1.1.0
2024-11-04 17:12:44,940 [INFO] ThirdParty:1030 - CMSIS Pack Vendor :STMicroelectronics X-CUBE-SAFEA1 1.2.2
2024-11-04 17:12:44,940 [INFO] ThirdParty:1030 - CMSIS Pack Vendor :STMicroelectronics X-CUBE-NFC4 3.0.0
2024-11-04 17:12:44,941 [INFO] ThirdParty:1030 - CMSIS Pack Vendor :STMicroelectronics X-CUBE-DPower 1.2.0
2024-11-04 17:12:44,941 [INFO] ThirdParty:1030 - CMSIS Pack Vendor :STMicroelectronics X-CUBE-SUBG2 5.0.0
2024-11-04 17:12:44,941 [INFO] ThirdParty:1030 - CMSIS Pack Vendor :STMicroelectronics STM32_WPAN 1.0.0
2024-11-04 17:12:44,941 [INFO] ThirdParty:1030 - CMSIS Pack Vendor :EmbeddedOffice I-CUBE-FS-RTOS 1.0.1
2024-11-04 17:12:44,941 [INFO] ThirdParty:1030 - CMSIS Pack Vendor :STMicroelectronics lwIP 2.0.3
2024-11-04 17:12:44,941 [INFO] ThirdParty:1030 - CMSIS Pack Vendor :STMicroelectronics FP-SNS-FLIGHT1 5.0.2
2024-11-04 17:12:44,941 [INFO] ThirdParty:1030 - CMSIS Pack Vendor :STMicroelectronics USB_HOST 1.0.0
2024-11-04 17:12:44,941 [INFO] ThirdParty:1030 - CMSIS Pack Vendor :STMicroelectronics X-CUBE-AI 9.0.0
2024-11-04 17:12:44,941 [INFO] ThirdParty:1030 - CMSIS Pack Vendor :STMicroelectronics X-CUBE-AZRTOS-G4 2.0.0
2024-11-04 17:12:44,941 [INFO] ThirdParty:1030 - CMSIS Pack Vendor :STMicroelectronics PDM2PCM 3.1.0
2024-11-04 17:12:44,941 [INFO] ThirdParty:1030 - CMSIS Pack Vendor :Infineon AIROC-Wi-Fi-Bluetooth-STM32 1.5.1
2024-11-04 17:12:44,941 [INFO] ThirdParty:1030 - CMSIS Pack Vendor :STMicroelectronics PDM2PCM 3.3.0
2024-11-04 17:12:44,941 [INFO] ThirdParty:1030 - CMSIS Pack Vendor :STMicroelectronics X-CUBE-DISPLAY 3.0.0
2024-11-04 17:12:44,941 [INFO] ThirdParty:1030 - CMSIS Pack Vendor :RealThread X-CUBE-RT-Thread_Nano 4.1.1
2024-11-04 17:12:44,941 [INFO] ThirdParty:1030 - CMSIS Pack Vendor :STMicroelectronics FP-SNS-MOTENVWB1 1.3.1
2024-11-04 17:12:44,941 [INFO] ThirdParty:1030 - CMSIS Pack Vendor :STMicroelectronics X-CUBE-BLE1 7.0.0
2024-11-04 17:12:44,941 [INFO] ThirdParty:1030 - CMSIS Pack Vendor :STMicroelectronics FP-ATR-SIGFOX1 3.2.0
2024-11-04 17:12:44,941 [INFO] ThirdParty:1030 - CMSIS Pack Vendor :STMicroelectronics X-CUBE-NFC10 1.0.0
2024-11-04 17:12:44,941 [INFO] ThirdParty:1030 - CMSIS Pack Vendor :STMicroelectronics X-CUBE-ISPU 2.0.0
2024-11-04 17:12:44,941 [INFO] ThirdParty:1030 - CMSIS Pack Vendor :STMicroelectronics X-CUBE-EEPRMA1 5.1.0
2024-11-04 17:12:44,942 [INFO] ThirdParty:1030 - CMSIS Pack Vendor :STMicroelectronics HAL Drivers 0.0.0
2024-11-04 17:12:44,942 [INFO] ThirdParty:1030 - CMSIS Pack Vendor :STMicroelectronics MBEDTLS 2.16.2
2024-11-04 17:12:44,942 [INFO] ThirdParty:1030 - CMSIS Pack Vendor :STMicroelectronics X-CUBE-ALS 1.0.2
2024-11-04 17:12:44,942 [INFO] ThirdParty:1030 - CMSIS Pack Vendor :emotas I-CUBE-CANOPEN 1.3.0
2024-11-04 17:12:44,942 [INFO] ThirdParty:1030 - CMSIS Pack Vendor :STMicroelectronics X-CUBE-MEMS1 10.0.0
2024-11-04 17:12:44,942 [INFO] ThirdParty:1030 - CMSIS Pack Vendor :STMicroelectronics X-CUBE-FREERTOS 1.1.0
2024-11-04 17:12:44,942 [INFO] ThirdParty:1030 - CMSIS Pack Vendor :STMicroelectronics X-CUBE-NFC7 1.0.1
2024-11-04 17:12:44,942 [INFO] ThirdParty:1030 - CMSIS Pack Vendor :STMicroelectronics MBEDTLS 2.14.1
2024-11-04 17:12:44,942 [INFO] ThirdParty:1030 - CMSIS Pack Vendor :STMicroelectronics X-CUBE-TOUCHGFX 4.24.0
2024-11-04 17:12:44,942 [INFO] ThirdParty:1030 - CMSIS Pack Vendor :wolfSSL I-CUBE-wolfTPM 3.2.0
2024-11-04 17:12:44,942 [INFO] ThirdParty:1030 - CMSIS Pack Vendor :STMicroelectronics X-CUBE-TOUCHGFX 4.24.1
2024-11-04 17:12:44,942 [INFO] ThirdParty:1030 - CMSIS Pack Vendor :STMicroelectronics X-CUBE-NFC6 3.0.0
2024-11-04 17:12:44,942 [INFO] ThirdParty:1030 - CMSIS Pack Vendor :portGmbH I-Cube-SoM-uGOAL 1.1.0
2024-11-04 17:12:44,942 [INFO] ThirdParty:1030 - CMSIS Pack Vendor :STMicroelectronics X-CUBE-ALS 1.0.1
2024-11-04 17:12:44,942 [INFO] ThirdParty:1030 - CMSIS Pack Vendor :STMicroelectronics X-CUBE-BLEMGR 3.1.0
2024-11-04 17:12:44,942 [INFO] ThirdParty:1030 - CMSIS Pack Vendor :STMicroelectronics ThreadX 1.0.0
2024-11-04 17:12:44,942 [INFO] ThirdParty:1030 - CMSIS Pack Vendor :STMicroelectronics FP-SNS-SMARTAG2 1.2.0
2024-11-04 17:12:44,942 [INFO] ThirdParty:1030 - CMSIS Pack Vendor :STMicroelectronics X-CUBE-AZRTOS-WL 2.0.0
2024-11-04 17:12:44,942 [INFO] ThirdParty:1030 - CMSIS Pack Vendor :SEGGER I-CUBE-embOS 1.3.1
2024-11-04 17:12:44,942 [INFO] ThirdParty:1030 - CMSIS Pack Vendor :STMicroelectronics X-CUBE-ALGOBUILD 1.4.0
2024-11-04 17:12:44,942 [INFO] ThirdParty:1030 - CMSIS Pack Vendor :STMicroelectronics FP-SNS-MOTENV1 5.0.0
2024-11-04 17:12:44,943 [INFO] ThirdParty:1030 - CMSIS Pack Vendor :STMicroelectronics USB_DEVICE 1.0.0
2024-11-04 17:12:44,943 [INFO] ThirdParty:1030 - CMSIS Pack Vendor :STMicroelectronics X-CUBE-AI 8.1.0
2024-11-04 17:12:44,943 [INFO] ThirdParty:1030 - CMSIS Pack Vendor :STMicroelectronics X-CUBE-AZRTOS-H7RS 1.0.0
2024-11-04 17:12:44,943 [INFO] ThirdParty:1030 - CMSIS Pack Vendor :wolfSSL I-CUBE-wolfMQTT 1.19.0
2024-11-04 17:12:44,943 [INFO] ThirdParty:1030 - CMSIS Pack Vendor :STMicroelectronics X-CUBE-AZRTOS-L4 2.0.0
2024-11-04 17:12:44,943 [INFO] ThirdParty:1030 - CMSIS Pack Vendor :STMicroelectronics ThreadX 0.0.2
2024-11-04 17:12:44,943 [INFO] ThirdParty:1030 - CMSIS Pack Vendor :WES I-CUBE-Cesium 1.3.0
2024-11-04 17:12:44,943 [INFO] ThirdParty:1030 - CMSIS Pack Vendor :STMicroelectronics FP-ATR-ASTRA1 2.0.0
2024-11-04 17:12:44,943 [INFO] ThirdParty:1030 - CMSIS Pack Vendor :STMicroelectronics lwIP 2.1.2
2024-11-04 17:12:44,943 [INFO] ThirdParty:1030 - CMSIS Pack Vendor :STMicroelectronics X-CUBE-SFXS2LP1 4.0.0
2024-11-04 17:12:44,943 [INFO] ThirdParty:1030 - CMSIS Pack Vendor :STMicroelectronics X-CUBE-BLE2 3.3.0
2024-11-04 17:12:44,943 [INFO] ThirdParty:1030 - CMSIS Pack Vendor :STMicroelectronics X-CUBE-TOF1 3.4.2
2024-11-04 17:12:44,943 [INFO] ThirdParty:1030 - CMSIS Pack Vendor :STMicroelectronics X-CUBE-AI 9.1.0
2024-11-04 17:12:44,943 [INFO] ThirdParty:1030 - CMSIS Pack Vendor :STMicroelectronics X-CUBE-TOF1 3.4.1
2024-11-04 17:12:44,943 [INFO] ThirdParty:1030 - CMSIS Pack Vendor :STMicroelectronics X-CUBE-AZRTOS-H7 3.2.0
2024-11-04 17:12:44,943 [INFO] ThirdParty:1030 - CMSIS Pack Vendor :STMicroelectronics PDM2PCM 3.2.0
2024-11-04 17:12:44,943 [INFO] ThirdParty:1030 - CMSIS Pack Vendor :wolfSSL I-CUBE-wolfSSH 1.4.17
2024-11-04 17:12:44,943 [INFO] ThirdParty:841 - exiting critical section [change project]
2024-11-04 17:12:45,157 [INFO] PinOutPanel:1561 - setPackage(No Configuration,No Configuration)
2024-11-04 17:12:45,159 [INFO] PinOutPanel:1561 - setPackage(STM32F446RETx,LQFP64)
2024-11-04 17:12:45,447 [INFO] UtilMem:75 - Before build in PCC Used Memory: 267153504 Bytes (790626304)
2024-11-04 17:12:45,689 [INFO] UtilMem:75 - After build in PCC Used Memory: 312768608 Bytes (790626304)
2024-11-04 17:12:45,719 [INFO] IPUIPlugin:80 - create IPUIPlugin
2024-11-04 17:12:45,719 [INFO] IPUIPlugin:80 - create IPUIPlugin
2024-11-04 17:12:45,719 [INFO] IPUIPlugin:80 - create IPUIPlugin
2024-11-04 17:12:45,719 [INFO] IPUIPlugin:80 - create IPUIPlugin
2024-11-04 17:12:45,720 [INFO] IPUIPlugin:80 - create IPUIPlugin
2024-11-04 17:12:45,720 [INFO] IPUIPlugin:80 - create IPUIPlugin
2024-11-04 17:12:45,720 [INFO] IPUIPlugin:80 - create IPUIPlugin
2024-11-04 17:12:45,720 [INFO] IPUIPlugin:80 - create IPUIPlugin
2024-11-04 17:12:45,720 [INFO] IPUIPlugin:80 - create IPUIPlugin
2024-11-04 17:12:45,720 [INFO] IPUIPlugin:80 - create IPUIPlugin
2024-11-04 17:12:45,720 [INFO] IPUIPlugin:80 - create IPUIPlugin
2024-11-04 17:12:45,720 [INFO] IPUIPlugin:80 - create IPUIPlugin
2024-11-04 17:12:45,720 [INFO] IPUIPlugin:80 - create IPUIPlugin
2024-11-04 17:12:45,720 [INFO] IPUIPlugin:80 - create IPUIPlugin
2024-11-04 17:12:45,721 [INFO] IPUIPlugin:80 - create IPUIPlugin
2024-11-04 17:12:45,721 [INFO] IPUIPlugin:80 - create IPUIPlugin
2024-11-04 17:12:45,721 [INFO] IPUIPlugin:80 - create IPUIPlugin
2024-11-04 17:12:45,721 [INFO] IPUIPlugin:80 - create IPUIPlugin
2024-11-04 17:12:45,721 [INFO] IPUIPlugin:80 - create IPUIPlugin
2024-11-04 17:12:45,721 [INFO] IPUIPlugin:80 - create IPUIPlugin
2024-11-04 17:12:45,721 [INFO] IPUIPlugin:80 - create IPUIPlugin
2024-11-04 17:12:45,722 [INFO] IPUIPlugin:80 - create IPUIPlugin
2024-11-04 17:12:45,722 [INFO] IPUIPlugin:80 - create IPUIPlugin
2024-11-04 17:12:45,722 [INFO] IPUIPlugin:80 - create IPUIPlugin
2024-11-04 17:12:45,722 [INFO] IPUIPlugin:80 - create IPUIPlugin
2024-11-04 17:12:45,722 [INFO] IPUIPlugin:80 - create IPUIPlugin
2024-11-04 17:12:45,723 [INFO] IPUIPlugin:80 - create IPUIPlugin
2024-11-04 17:12:45,723 [INFO] IPUIPlugin:80 - create IPUIPlugin
2024-11-04 17:12:45,723 [INFO] IPUIPlugin:80 - create IPUIPlugin
2024-11-04 17:12:45,724 [INFO] IPUIPlugin:80 - create IPUIPlugin
2024-11-04 17:12:45,724 [INFO] IPUIPlugin:80 - create IPUIPlugin
2024-11-04 17:12:45,724 [INFO] IPUIPlugin:80 - create IPUIPlugin
2024-11-04 17:12:45,724 [INFO] IPUIPlugin:80 - create IPUIPlugin
2024-11-04 17:12:45,725 [INFO] IPUIPlugin:80 - create IPUIPlugin
2024-11-04 17:12:45,725 [INFO] IPUIPlugin:80 - create IPUIPlugin
2024-11-04 17:12:45,725 [INFO] IPUIPlugin:80 - create IPUIPlugin
2024-11-04 17:12:45,725 [INFO] IPUIPlugin:80 - create IPUIPlugin
2024-11-04 17:12:45,726 [INFO] IPUIPlugin:80 - create IPUIPlugin
2024-11-04 17:12:45,726 [INFO] IPUIPlugin:80 - create IPUIPlugin
2024-11-04 17:12:45,726 [INFO] IPUIPlugin:80 - create IPUIPlugin
2024-11-04 17:12:45,726 [INFO] IPUIPlugin:80 - create IPUIPlugin
2024-11-04 17:12:45,727 [INFO] IPUIPlugin:80 - create IPUIPlugin
2024-11-04 17:12:45,727 [INFO] IPUIPlugin:80 - create IPUIPlugin
2024-11-04 17:12:45,727 [INFO] IPUIPlugin:80 - create IPUIPlugin
2024-11-04 17:12:45,728 [INFO] IPUIPlugin:80 - create IPUIPlugin
2024-11-04 17:12:45,728 [INFO] IPUIPlugin:80 - create IPUIPlugin
2024-11-04 17:12:45,729 [INFO] IPUIPlugin:80 - create IPUIPlugin
2024-11-04 17:12:45,729 [INFO] IPUIPlugin:80 - create IPUIPlugin
2024-11-04 17:12:45,729 [INFO] IPUIPlugin:80 - create IPUIPlugin
2024-11-04 17:12:45,729 [INFO] IPUIPlugin:80 - create IPUIPlugin
2024-11-04 17:12:45,730 [INFO] IPUIPlugin:80 - create IPUIPlugin
2024-11-04 17:12:45,730 [INFO] IPUIPlugin:80 - create IPUIPlugin
2024-11-04 17:12:45,731 [INFO] IPUIPlugin:80 - create IPUIPlugin
2024-11-04 17:12:45,731 [INFO] IPUIPlugin:80 - create IPUIPlugin
2024-11-04 17:12:45,731 [INFO] IPUIPlugin:80 - create IPUIPlugin
2024-11-04 17:12:45,732 [INFO] IPUIPlugin:80 - create IPUIPlugin
2024-11-04 17:12:45,732 [INFO] IPUIPlugin:80 - create IPUIPlugin
2024-11-04 17:12:45,732 [INFO] IPUIPlugin:80 - create IPUIPlugin
2024-11-04 17:12:45,733 [INFO] IPUIPlugin:80 - create IPUIPlugin
2024-11-04 17:12:45,734 [INFO] IPUIPlugin:80 - create IPUIPlugin
2024-11-04 17:12:45,738 [INFO] ApiDbMcu:508 - Load IP Config File for PDM2PCM
2024-11-04 17:12:45,739 [WARN] IP:2191 - I2C_Coeff_DF not found: check if there is a RefParameter without a condition.
2024-11-04 17:12:45,739 [WARN] IP:2191 - Analog_Filter not found: check if there is a RefParameter without a condition.
2024-11-04 17:12:45,804 [INFO] CADModel:165 - CPN selected for project levelSTM32F446RET6
2024-11-04 17:12:45,804 [INFO] CADModel:114 - Register for checkConnection events
2024-11-04 17:12:45,861 [INFO] OpenFileManager:363 - Restore cursor
2024-11-04 17:12:46,135 [WARN] IP:2191 - I2C_Coeff_DF not found: check if there is a RefParameter without a condition.
2024-11-04 17:12:46,135 [WARN] IP:2191 - Analog_Filter not found: check if there is a RefParameter without a condition.
2024-11-04 17:12:46,136 [WARN] IP:2191 - I2C_Coeff_DF not found: check if there is a RefParameter without a condition.
2024-11-04 17:12:46,136 [WARN] IP:2191 - Analog_Filter not found: check if there is a RefParameter without a condition.
2024-11-04 22:04:09,771 [INFO] WebApp:189 - Connection lost
2024-11-04 22:04:28,836 [INFO] WebApp:186 - Connection restablished
2024-11-04 22:04:30,924 [INFO] WebApp:189 - Connection lost
2024-11-04 22:04:31,447 [INFO] WebApp:186 - Connection restablished
